2026-06-04 20:51:58 0 [Note] Starting MariaDB 10.4.32-MariaDB source revision c4143f909528e3fab0677a28631d10389354c491 as process 16924
2026-06-04 20:51:58 0 [Note] InnoDB: Mutexes and rw_locks use Windows interlocked functions
2026-06-04 20:51:58 0 [Note] InnoDB: Uses event mutexes
2026-06-04 20:51:58 0 [Note] InnoDB: Compressed tables use zlib 1.3
2026-06-04 20:51:58 0 [Note] InnoDB: Number of pools: 1
2026-06-04 20:51:58 0 [Note] InnoDB: Using SSE2 crc32 instructions
2026-06-04 20:51:58 0 [Note] InnoDB: Initializing buffer pool, total size = 16M, instances = 1, chunk size = 16M
2026-06-04 20:51:58 0 [Note] InnoDB: Completed initialization of buffer pool
2026-06-04 20:51:58 0 [Note] InnoDB: Starting crash recovery from checkpoint LSN=471011
2026-06-04 20:51:58 0 [ERROR] InnoDB: Operating system error number 3 in a file operation.
2026-06-04 20:51:58 0 [ERROR] InnoDB: The error means the system cannot find the path specified.
2026-06-04 20:51:58 0 [ERROR] InnoDB: If you are installing InnoDB, remember that you must create directories yourself, InnoDB does not create them.
2026-06-04 20:51:58 0 [ERROR] InnoDB: Cannot open datafile for read-only: '.\helpdesk\activitylogs.ibd' OS error: 203
2026-06-04 20:51:58 0 [ERROR] InnoDB: Operating system error number 203 in a file operation.
2026-06-04 20:51:58 0 [Note] InnoDB: Some operating system error numbers are described at https://mariadb.com/kb/en/library/operating-system-error-codes/
2026-06-04 20:51:58 0 [ERROR] InnoDB: Could not find a valid tablespace file for ``helpdesk`.`activitylogs``. Please refer to https://mariadb.com/kb/en/innodb-data-dictionary-troubleshooting/ for how to resolve the issue.
2026-06-04 20:51:58 0 [Warning] InnoDB: Ignoring tablespace for `helpdesk`.`activitylogs` because it could not be opened.
2026-06-04 20:51:58 0 [ERROR] InnoDB: Operating system error number 3 in a file operation.
2026-06-04 20:51:58 0 [ERROR] InnoDB: The error means the system cannot find the path specified.
2026-06-04 20:51:58 0 [ERROR] InnoDB: If you are installing InnoDB, remember that you must create directories yourself, InnoDB does not create them.
2026-06-04 20:51:58 0 [ERROR] InnoDB: Cannot open datafile for read-only: '.\helpdesk\categories.ibd' OS error: 203
2026-06-04 20:51:58 0 [ERROR] InnoDB: Operating system error number 203 in a file operation.
2026-06-04 20:51:58 0 [Note] InnoDB: Some operating system error numbers are described at https://mariadb.com/kb/en/library/operating-system-error-codes/
2026-06-04 20:51:58 0 [ERROR] InnoDB: Could not find a valid tablespace file for ``helpdesk`.`categories``. Please refer to https://mariadb.com/kb/en/innodb-data-dictionary-troubleshooting/ for how to resolve the issue.
2026-06-04 20:51:58 0 [Warning] InnoDB: Ignoring tablespace for `helpdesk`.`categories` because it could not be opened.
2026-06-04 20:51:58 0 [ERROR] InnoDB: Operating system error number 3 in a file operation.
2026-06-04 20:51:58 0 [ERROR] InnoDB: The error means the system cannot find the path specified.
2026-06-04 20:51:58 0 [ERROR] InnoDB: If you are installing InnoDB, remember that you must create directories yourself, InnoDB does not create them.
2026-06-04 20:51:58 0 [ERROR] InnoDB: Cannot open datafile for read-only: '.\helpdesk\notifications.ibd' OS error: 203
2026-06-04 20:51:58 0 [ERROR] InnoDB: Operating system error number 203 in a file operation.
2026-06-04 20:51:58 0 [Note] InnoDB: Some operating system error numbers are described at https://mariadb.com/kb/en/library/operating-system-error-codes/
2026-06-04 20:51:58 0 [ERROR] InnoDB: Could not find a valid tablespace file for ``helpdesk`.`notifications``. Please refer to https://mariadb.com/kb/en/innodb-data-dictionary-troubleshooting/ for how to resolve the issue.
2026-06-04 20:51:58 0 [Warning] InnoDB: Ignoring tablespace for `helpdesk`.`notifications` because it could not be opened.
2026-06-04 20:51:58 0 [ERROR] InnoDB: Operating system error number 3 in a file operation.
2026-06-04 20:51:58 0 [ERROR] InnoDB: The error means the system cannot find the path specified.
2026-06-04 20:51:58 0 [ERROR] InnoDB: If you are installing InnoDB, remember that you must create directories yourself, InnoDB does not create them.
2026-06-04 20:51:58 0 [ERROR] InnoDB: Cannot open datafile for read-only: '.\helpdesk\priorities.ibd' OS error: 203
2026-06-04 20:51:58 0 [ERROR] InnoDB: Operating system error number 203 in a file operation.
2026-06-04 20:51:58 0 [Note] InnoDB: Some operating system error numbers are described at https://mariadb.com/kb/en/library/operating-system-error-codes/
2026-06-04 20:51:58 0 [ERROR] InnoDB: Could not find a valid tablespace file for ``helpdesk`.`priorities``. Please refer to https://mariadb.com/kb/en/innodb-data-dictionary-troubleshooting/ for how to resolve the issue.
2026-06-04 20:51:58 0 [Warning] InnoDB: Ignoring tablespace for `helpdesk`.`priorities` because it could not be opened.
2026-06-04 20:51:58 0 [ERROR] InnoDB: Operating system error number 3 in a file operation.
2026-06-04 20:51:58 0 [ERROR] InnoDB: The error means the system cannot find the path specified.
2026-06-04 20:51:58 0 [ERROR] InnoDB: If you are installing InnoDB, remember that you must create directories yourself, InnoDB does not create them.
2026-06-04 20:51:58 0 [ERROR] InnoDB: Cannot open datafile for read-only: '.\helpdesk\roles.ibd' OS error: 203
2026-06-04 20:51:58 0 [ERROR] InnoDB: Operating system error number 203 in a file operation.
2026-06-04 20:51:58 0 [Note] InnoDB: Some operating system error numbers are described at https://mariadb.com/kb/en/library/operating-system-error-codes/
2026-06-04 20:51:58 0 [ERROR] InnoDB: Could not find a valid tablespace file for ``helpdesk`.`roles``. Please refer to https://mariadb.com/kb/en/innodb-data-dictionary-troubleshooting/ for how to resolve the issue.
2026-06-04 20:51:58 0 [Warning] InnoDB: Ignoring tablespace for `helpdesk`.`roles` because it could not be opened.
2026-06-04 20:51:58 0 [ERROR] InnoDB: Operating system error number 3 in a file operation.
2026-06-04 20:51:58 0 [ERROR] InnoDB: The error means the system cannot find the path specified.
2026-06-04 20:51:58 0 [ERROR] InnoDB: If you are installing InnoDB, remember that you must create directories yourself, InnoDB does not create them.
2026-06-04 20:51:58 0 [ERROR] InnoDB: Cannot open datafile for read-only: '.\helpdesk\statuses.ibd' OS error: 203
2026-06-04 20:51:58 0 [ERROR] InnoDB: Operating system error number 203 in a file operation.
2026-06-04 20:51:58 0 [Note] InnoDB: Some operating system error numbers are described at https://mariadb.com/kb/en/library/operating-system-error-codes/
2026-06-04 20:51:58 0 [ERROR] InnoDB: Could not find a valid tablespace file for ``helpdesk`.`statuses``. Please refer to https://mariadb.com/kb/en/innodb-data-dictionary-troubleshooting/ for how to resolve the issue.
2026-06-04 20:51:58 0 [Warning] InnoDB: Ignoring tablespace for `helpdesk`.`statuses` because it could not be opened.
2026-06-04 20:51:58 0 [ERROR] InnoDB: Operating system error number 3 in a file operation.
2026-06-04 20:51:58 0 [ERROR] InnoDB: The error means the system cannot find the path specified.
2026-06-04 20:51:58 0 [ERROR] InnoDB: If you are installing InnoDB, remember that you must create directories yourself, InnoDB does not create them.
2026-06-04 20:51:58 0 [ERROR] InnoDB: Cannot open datafile for read-only: '.\helpdesk\ticketattachments.ibd' OS error: 203
2026-06-04 20:51:58 0 [ERROR] InnoDB: Operating system error number 203 in a file operation.
2026-06-04 20:51:58 0 [Note] InnoDB: Some operating system error numbers are described at https://mariadb.com/kb/en/library/operating-system-error-codes/
2026-06-04 20:51:58 0 [ERROR] InnoDB: Could not find a valid tablespace file for ``helpdesk`.`ticketattachments``. Please refer to https://mariadb.com/kb/en/innodb-data-dictionary-troubleshooting/ for how to resolve the issue.
2026-06-04 20:51:58 0 [Warning] InnoDB: Ignoring tablespace for `helpdesk`.`ticketattachments` because it could not be opened.
2026-06-04 20:51:58 0 [ERROR] InnoDB: Operating system error number 3 in a file operation.
2026-06-04 20:51:58 0 [ERROR] InnoDB: The error means the system cannot find the path specified.
2026-06-04 20:51:58 0 [ERROR] InnoDB: If you are installing InnoDB, remember that you must create directories yourself, InnoDB does not create them.
2026-06-04 20:51:58 0 [ERROR] InnoDB: Cannot open datafile for read-only: '.\helpdesk\ticketcomments.ibd' OS error: 203
2026-06-04 20:51:58 0 [ERROR] InnoDB: Operating system error number 203 in a file operation.
2026-06-04 20:51:58 0 [Note] InnoDB: Some operating system error numbers are described at https://mariadb.com/kb/en/library/operating-system-error-codes/
2026-06-04 20:51:58 0 [ERROR] InnoDB: Could not find a valid tablespace file for ``helpdesk`.`ticketcomments``. Please refer to https://mariadb.com/kb/en/innodb-data-dictionary-troubleshooting/ for how to resolve the issue.
2026-06-04 20:51:58 0 [Warning] InnoDB: Ignoring tablespace for `helpdesk`.`ticketcomments` because it could not be opened.
2026-06-04 20:51:58 0 [ERROR] InnoDB: Operating system error number 3 in a file operation.
2026-06-04 20:51:58 0 [ERROR] InnoDB: The error means the system cannot find the path specified.
2026-06-04 20:51:58 0 [ERROR] InnoDB: If you are installing InnoDB, remember that you must create directories yourself, InnoDB does not create them.
2026-06-04 20:51:58 0 [ERROR] InnoDB: Cannot open datafile for read-only: '.\helpdesk\tickets.ibd' OS error: 203
2026-06-04 20:51:58 0 [ERROR] InnoDB: Operating system error number 203 in a file operation.
2026-06-04 20:51:58 0 [Note] InnoDB: Some operating system error numbers are described at https://mariadb.com/kb/en/library/operating-system-error-codes/
2026-06-04 20:51:58 0 [ERROR] InnoDB: Could not find a valid tablespace file for ``helpdesk`.`tickets``. Please refer to https://mariadb.com/kb/en/innodb-data-dictionary-troubleshooting/ for how to resolve the issue.
2026-06-04 20:51:58 0 [Warning] InnoDB: Ignoring tablespace for `helpdesk`.`tickets` because it could not be opened.
2026-06-04 20:51:58 0 [ERROR] InnoDB: Operating system error number 3 in a file operation.
2026-06-04 20:51:58 0 [ERROR] InnoDB: The error means the system cannot find the path specified.
2026-06-04 20:51:58 0 [ERROR] InnoDB: If you are installing InnoDB, remember that you must create directories yourself, InnoDB does not create them.
2026-06-04 20:51:58 0 [ERROR] InnoDB: Cannot open datafile for read-only: '.\helpdesk\users.ibd' OS error: 203
2026-06-04 20:51:58 0 [ERROR] InnoDB: Operating system error number 203 in a file operation.
2026-06-04 20:51:58 0 [Note] InnoDB: Some operating system error numbers are described at https://mariadb.com/kb/en/library/operating-system-error-codes/
2026-06-04 20:51:58 0 [ERROR] InnoDB: Could not find a valid tablespace file for ``helpdesk`.`users``. Please refer to https://mariadb.com/kb/en/innodb-data-dictionary-troubleshooting/ for how to resolve the issue.
2026-06-04 20:51:58 0 [Warning] InnoDB: Ignoring tablespace for `helpdesk`.`users` because it could not be opened.
2026-06-04 20:51:58 0 [ERROR] InnoDB: Operating system error number 3 in a file operation.
2026-06-04 20:51:58 0 [ERROR] InnoDB: The error means the system cannot find the path specified.
2026-06-04 20:51:58 0 [ERROR] InnoDB: If you are installing InnoDB, remember that you must create directories yourself, InnoDB does not create them.
2026-06-04 20:51:58 0 [ERROR] InnoDB: Cannot open datafile for read-only: '.\mysql\gtid_slave_pos.ibd' OS error: 203
2026-06-04 20:51:58 0 [ERROR] InnoDB: Operating system error number 203 in a file operation.
2026-06-04 20:51:58 0 [Note] InnoDB: Some operating system error numbers are described at https://mariadb.com/kb/en/library/operating-system-error-codes/
2026-06-04 20:51:58 0 [ERROR] InnoDB: Could not find a valid tablespace file for ``mysql`.`gtid_slave_pos``. Please refer to https://mariadb.com/kb/en/innodb-data-dictionary-troubleshooting/ for how to resolve the issue.
2026-06-04 20:51:58 0 [Warning] InnoDB: Ignoring tablespace for `mysql`.`gtid_slave_pos` because it could not be opened.
2026-06-04 20:51:58 0 [ERROR] InnoDB: Operating system error number 3 in a file operation.
2026-06-04 20:51:58 0 [ERROR] InnoDB: The error means the system cannot find the path specified.
2026-06-04 20:51:58 0 [ERROR] InnoDB: If you are installing InnoDB, remember that you must create directories yourself, InnoDB does not create them.
2026-06-04 20:51:58 0 [ERROR] InnoDB: Cannot open datafile for read-only: '.\mysql\innodb_index_stats.ibd' OS error: 203
2026-06-04 20:51:58 0 [ERROR] InnoDB: Operating system error number 203 in a file operation.
2026-06-04 20:51:58 0 [Note] InnoDB: Some operating system error numbers are described at https://mariadb.com/kb/en/library/operating-system-error-codes/
2026-06-04 20:51:58 0 [ERROR] InnoDB: Could not find a valid tablespace file for ``mysql`.`innodb_index_stats``. Please refer to https://mariadb.com/kb/en/innodb-data-dictionary-troubleshooting/ for how to resolve the issue.
2026-06-04 20:51:58 0 [Warning] InnoDB: Ignoring tablespace for `mysql`.`innodb_index_stats` because it could not be opened.
2026-06-04 20:51:58 0 [ERROR] InnoDB: Operating system error number 3 in a file operation.
2026-06-04 20:51:58 0 [ERROR] InnoDB: The error means the system cannot find the path specified.
2026-06-04 20:51:58 0 [ERROR] InnoDB: If you are installing InnoDB, remember that you must create directories yourself, InnoDB does not create them.
2026-06-04 20:51:58 0 [ERROR] InnoDB: Cannot open datafile for read-only: '.\mysql\innodb_table_stats.ibd' OS error: 203
2026-06-04 20:51:58 0 [ERROR] InnoDB: Operating system error number 203 in a file operation.
2026-06-04 20:51:58 0 [Note] InnoDB: Some operating system error numbers are described at https://mariadb.com/kb/en/library/operating-system-error-codes/
2026-06-04 20:51:58 0 [ERROR] InnoDB: Could not find a valid tablespace file for ``mysql`.`innodb_table_stats``. Please refer to https://mariadb.com/kb/en/innodb-data-dictionary-troubleshooting/ for how to resolve the issue.
2026-06-04 20:51:58 0 [Warning] InnoDB: Ignoring tablespace for `mysql`.`innodb_table_stats` because it could not be opened.
2026-06-04 20:51:58 0 [ERROR] InnoDB: Operating system error number 3 in a file operation.
2026-06-04 20:51:58 0 [ERROR] InnoDB: The error means the system cannot find the path specified.
2026-06-04 20:51:58 0 [ERROR] InnoDB: If you are installing InnoDB, remember that you must create directories yourself, InnoDB does not create them.
2026-06-04 20:51:58 0 [ERROR] InnoDB: Cannot open datafile for read-only: '.\mysql\transaction_registry.ibd' OS error: 203
2026-06-04 20:51:58 0 [ERROR] InnoDB: Operating system error number 203 in a file operation.
2026-06-04 20:51:58 0 [Note] InnoDB: Some operating system error numbers are described at https://mariadb.com/kb/en/library/operating-system-error-codes/
2026-06-04 20:51:58 0 [ERROR] InnoDB: Could not find a valid tablespace file for ``mysql`.`transaction_registry``. Please refer to https://mariadb.com/kb/en/innodb-data-dictionary-troubleshooting/ for how to resolve the issue.
2026-06-04 20:51:58 0 [Warning] InnoDB: Ignoring tablespace for `mysql`.`transaction_registry` because it could not be opened.
2026-06-04 20:51:58 0 [ERROR] InnoDB: Operating system error number 3 in a file operation.
2026-06-04 20:51:58 0 [ERROR] InnoDB: The error means the system cannot find the path specified.
2026-06-04 20:51:58 0 [ERROR] InnoDB: If you are installing InnoDB, remember that you must create directories yourself, InnoDB does not create them.
2026-06-04 20:51:58 0 [ERROR] InnoDB: Cannot open datafile for read-only: '.\phpmyadmin\pma__bookmark.ibd' OS error: 203
2026-06-04 20:51:58 0 [ERROR] InnoDB: Operating system error number 203 in a file operation.
2026-06-04 20:51:58 0 [Note] InnoDB: Some operating system error numbers are described at https://mariadb.com/kb/en/library/operating-system-error-codes/
2026-06-04 20:51:58 0 [ERROR] InnoDB: Could not find a valid tablespace file for ``phpmyadmin`.`pma__bookmark``. Please refer to https://mariadb.com/kb/en/innodb-data-dictionary-troubleshooting/ for how to resolve the issue.
2026-06-04 20:51:58 0 [Warning] InnoDB: Ignoring tablespace for `phpmyadmin`.`pma__bookmark` because it could not be opened.
2026-06-04 20:51:58 0 [ERROR] InnoDB: Operating system error number 3 in a file operation.
2026-06-04 20:51:58 0 [ERROR] InnoDB: The error means the system cannot find the path specified.
2026-06-04 20:51:58 0 [ERROR] InnoDB: If you are installing InnoDB, remember that you must create directories yourself, InnoDB does not create them.
2026-06-04 20:51:58 0 [ERROR] InnoDB: Cannot open datafile for read-only: '.\phpmyadmin\pma__central_columns.ibd' OS error: 203
2026-06-04 20:51:58 0 [ERROR] InnoDB: Operating system error number 203 in a file operation.
2026-06-04 20:51:58 0 [Note] InnoDB: Some operating system error numbers are described at https://mariadb.com/kb/en/library/operating-system-error-codes/
2026-06-04 20:51:58 0 [ERROR] InnoDB: Could not find a valid tablespace file for ``phpmyadmin`.`pma__central_columns``. Please refer to https://mariadb.com/kb/en/innodb-data-dictionary-troubleshooting/ for how to resolve the issue.
2026-06-04 20:51:58 0 [Warning] InnoDB: Ignoring tablespace for `phpmyadmin`.`pma__central_columns` because it could not be opened.
2026-06-04 20:51:58 0 [ERROR] InnoDB: Operating system error number 3 in a file operation.
2026-06-04 20:51:58 0 [ERROR] InnoDB: The error means the system cannot find the path specified.
2026-06-04 20:51:58 0 [ERROR] InnoDB: If you are installing InnoDB, remember that you must create directories yourself, InnoDB does not create them.
2026-06-04 20:51:58 0 [ERROR] InnoDB: Cannot open datafile for read-only: '.\phpmyadmin\pma__column_info.ibd' OS error: 203
2026-06-04 20:51:58 0 [ERROR] InnoDB: Operating system error number 203 in a file operation.
2026-06-04 20:51:58 0 [Note] InnoDB: Some operating system error numbers are described at https://mariadb.com/kb/en/library/operating-system-error-codes/
2026-06-04 20:51:58 0 [ERROR] InnoDB: Could not find a valid tablespace file for ``phpmyadmin`.`pma__column_info``. Please refer to https://mariadb.com/kb/en/innodb-data-dictionary-troubleshooting/ for how to resolve the issue.
2026-06-04 20:51:58 0 [Warning] InnoDB: Ignoring tablespace for `phpmyadmin`.`pma__column_info` because it could not be opened.
2026-06-04 20:51:58 0 [ERROR] InnoDB: Operating system error number 3 in a file operation.
2026-06-04 20:51:58 0 [ERROR] InnoDB: The error means the system cannot find the path specified.
2026-06-04 20:51:58 0 [ERROR] InnoDB: If you are installing InnoDB, remember that you must create directories yourself, InnoDB does not create them.
2026-06-04 20:51:58 0 [ERROR] InnoDB: Cannot open datafile for read-only: '.\phpmyadmin\pma__designer_settings.ibd' OS error: 203
2026-06-04 20:51:58 0 [ERROR] InnoDB: Operating system error number 203 in a file operation.
2026-06-04 20:51:58 0 [Note] InnoDB: Some operating system error numbers are described at https://mariadb.com/kb/en/library/operating-system-error-codes/
2026-06-04 20:51:58 0 [ERROR] InnoDB: Could not find a valid tablespace file for ``phpmyadmin`.`pma__designer_settings``. Please refer to https://mariadb.com/kb/en/innodb-data-dictionary-troubleshooting/ for how to resolve the issue.
2026-06-04 20:51:58 0 [Warning] InnoDB: Ignoring tablespace for `phpmyadmin`.`pma__designer_settings` because it could not be opened.
2026-06-04 20:51:58 0 [ERROR] InnoDB: Operating system error number 3 in a file operation.
2026-06-04 20:51:58 0 [ERROR] InnoDB: The error means the system cannot find the path specified.
2026-06-04 20:51:58 0 [ERROR] InnoDB: If you are installing InnoDB, remember that you must create directories yourself, InnoDB does not create them.
2026-06-04 20:51:58 0 [ERROR] InnoDB: Cannot open datafile for read-only: '.\phpmyadmin\pma__export_templates.ibd' OS error: 203
2026-06-04 20:51:58 0 [ERROR] InnoDB: Operating system error number 203 in a file operation.
2026-06-04 20:51:58 0 [Note] InnoDB: Some operating system error numbers are described at https://mariadb.com/kb/en/library/operating-system-error-codes/
2026-06-04 20:51:58 0 [ERROR] InnoDB: Could not find a valid tablespace file for ``phpmyadmin`.`pma__export_templates``. Please refer to https://mariadb.com/kb/en/innodb-data-dictionary-troubleshooting/ for how to resolve the issue.
2026-06-04 20:51:58 0 [Warning] InnoDB: Ignoring tablespace for `phpmyadmin`.`pma__export_templates` because it could not be opened.
2026-06-04 20:51:58 0 [ERROR] InnoDB: Operating system error number 3 in a file operation.
2026-06-04 20:51:58 0 [ERROR] InnoDB: The error means the system cannot find the path specified.
2026-06-04 20:51:58 0 [ERROR] InnoDB: If you are installing InnoDB, remember that you must create directories yourself, InnoDB does not create them.
2026-06-04 20:51:58 0 [ERROR] InnoDB: Cannot open datafile for read-only: '.\phpmyadmin\pma__favorite.ibd' OS error: 203
2026-06-04 20:51:58 0 [ERROR] InnoDB: Operating system error number 203 in a file operation.
2026-06-04 20:51:58 0 [Note] InnoDB: Some operating system error numbers are described at https://mariadb.com/kb/en/library/operating-system-error-codes/
2026-06-04 20:51:58 0 [ERROR] InnoDB: Could not find a valid tablespace file for ``phpmyadmin`.`pma__favorite``. Please refer to https://mariadb.com/kb/en/innodb-data-dictionary-troubleshooting/ for how to resolve the issue.
2026-06-04 20:51:58 0 [Warning] InnoDB: Ignoring tablespace for `phpmyadmin`.`pma__favorite` because it could not be opened.
2026-06-04 20:51:58 0 [ERROR] InnoDB: Operating system error number 3 in a file operation.
2026-06-04 20:51:58 0 [ERROR] InnoDB: The error means the system cannot find the path specified.
2026-06-04 20:51:58 0 [ERROR] InnoDB: If you are installing InnoDB, remember that you must create directories yourself, InnoDB does not create them.
2026-06-04 20:51:58 0 [ERROR] InnoDB: Cannot open datafile for read-only: '.\phpmyadmin\pma__history.ibd' OS error: 203
2026-06-04 20:51:58 0 [ERROR] InnoDB: Operating system error number 203 in a file operation.
2026-06-04 20:51:58 0 [Note] InnoDB: Some operating system error numbers are described at https://mariadb.com/kb/en/library/operating-system-error-codes/
2026-06-04 20:51:58 0 [ERROR] InnoDB: Could not find a valid tablespace file for ``phpmyadmin`.`pma__history``. Please refer to https://mariadb.com/kb/en/innodb-data-dictionary-troubleshooting/ for how to resolve the issue.
2026-06-04 20:51:58 0 [Warning] InnoDB: Ignoring tablespace for `phpmyadmin`.`pma__history` because it could not be opened.
2026-06-04 20:51:58 0 [ERROR] InnoDB: Operating system error number 3 in a file operation.
2026-06-04 20:51:58 0 [ERROR] InnoDB: The error means the system cannot find the path specified.
2026-06-04 20:51:58 0 [ERROR] InnoDB: If you are installing InnoDB, remember that you must create directories yourself, InnoDB does not create them.
2026-06-04 20:51:58 0 [ERROR] InnoDB: Cannot open datafile for read-only: '.\phpmyadmin\pma__navigationhiding.ibd' OS error: 203
2026-06-04 20:51:58 0 [ERROR] InnoDB: Operating system error number 203 in a file operation.
2026-06-04 20:51:58 0 [Note] InnoDB: Some operating system error numbers are described at https://mariadb.com/kb/en/library/operating-system-error-codes/
2026-06-04 20:51:58 0 [ERROR] InnoDB: Could not find a valid tablespace file for ``phpmyadmin`.`pma__navigationhiding``. Please refer to https://mariadb.com/kb/en/innodb-data-dictionary-troubleshooting/ for how to resolve the issue.
2026-06-04 20:51:58 0 [Warning] InnoDB: Ignoring tablespace for `phpmyadmin`.`pma__navigationhiding` because it could not be opened.
2026-06-04 20:51:58 0 [ERROR] InnoDB: Operating system error number 3 in a file operation.
2026-06-04 20:51:58 0 [ERROR] InnoDB: The error means the system cannot find the path specified.
2026-06-04 20:51:58 0 [ERROR] InnoDB: If you are installing InnoDB, remember that you must create directories yourself, InnoDB does not create them.
2026-06-04 20:51:58 0 [ERROR] InnoDB: Cannot open datafile for read-only: '.\phpmyadmin\pma__pdf_pages.ibd' OS error: 203
2026-06-04 20:51:58 0 [ERROR] InnoDB: Operating system error number 203 in a file operation.
2026-06-04 20:51:58 0 [Note] InnoDB: Some operating system error numbers are described at https://mariadb.com/kb/en/library/operating-system-error-codes/
2026-06-04 20:51:58 0 [ERROR] InnoDB: Could not find a valid tablespace file for ``phpmyadmin`.`pma__pdf_pages``. Please refer to https://mariadb.com/kb/en/innodb-data-dictionary-troubleshooting/ for how to resolve the issue.
2026-06-04 20:51:58 0 [Warning] InnoDB: Ignoring tablespace for `phpmyadmin`.`pma__pdf_pages` because it could not be opened.
2026-06-04 20:51:58 0 [ERROR] InnoDB: Operating system error number 3 in a file operation.
2026-06-04 20:51:58 0 [ERROR] InnoDB: The error means the system cannot find the path specified.
2026-06-04 20:51:58 0 [ERROR] InnoDB: If you are installing InnoDB, remember that you must create directories yourself, InnoDB does not create them.
2026-06-04 20:51:58 0 [ERROR] InnoDB: Cannot open datafile for read-only: '.\phpmyadmin\pma__recent.ibd' OS error: 203
2026-06-04 20:51:58 0 [ERROR] InnoDB: Operating system error number 203 in a file operation.
2026-06-04 20:51:58 0 [Note] InnoDB: Some operating system error numbers are described at https://mariadb.com/kb/en/library/operating-system-error-codes/
2026-06-04 20:51:58 0 [ERROR] InnoDB: Could not find a valid tablespace file for ``phpmyadmin`.`pma__recent``. Please refer to https://mariadb.com/kb/en/innodb-data-dictionary-troubleshooting/ for how to resolve the issue.
2026-06-04 20:51:58 0 [Warning] InnoDB: Ignoring tablespace for `phpmyadmin`.`pma__recent` because it could not be opened.
2026-06-04 20:51:58 0 [ERROR] InnoDB: Operating system error number 3 in a file operation.
2026-06-04 20:51:58 0 [ERROR] InnoDB: The error means the system cannot find the path specified.
2026-06-04 20:51:58 0 [ERROR] InnoDB: If you are installing InnoDB, remember that you must create directories yourself, InnoDB does not create them.
2026-06-04 20:51:58 0 [ERROR] InnoDB: Cannot open datafile for read-only: '.\phpmyadmin\pma__relation.ibd' OS error: 203
2026-06-04 20:51:58 0 [ERROR] InnoDB: Operating system error number 203 in a file operation.
2026-06-04 20:51:58 0 [Note] InnoDB: Some operating system error numbers are described at https://mariadb.com/kb/en/library/operating-system-error-codes/
2026-06-04 20:51:58 0 [ERROR] InnoDB: Could not find a valid tablespace file for ``phpmyadmin`.`pma__relation``. Please refer to https://mariadb.com/kb/en/innodb-data-dictionary-troubleshooting/ for how to resolve the issue.
2026-06-04 20:51:58 0 [Warning] InnoDB: Ignoring tablespace for `phpmyadmin`.`pma__relation` because it could not be opened.
2026-06-04 20:51:58 0 [ERROR] InnoDB: Operating system error number 3 in a file operation.
2026-06-04 20:51:58 0 [ERROR] InnoDB: The error means the system cannot find the path specified.
2026-06-04 20:51:58 0 [ERROR] InnoDB: If you are installing InnoDB, remember that you must create directories yourself, InnoDB does not create them.
2026-06-04 20:51:58 0 [ERROR] InnoDB: Cannot open datafile for read-only: '.\phpmyadmin\pma__savedsearches.ibd' OS error: 203
2026-06-04 20:51:58 0 [ERROR] InnoDB: Operating system error number 203 in a file operation.
2026-06-04 20:51:58 0 [Note] InnoDB: Some operating system error numbers are described at https://mariadb.com/kb/en/library/operating-system-error-codes/
2026-06-04 20:51:58 0 [ERROR] InnoDB: Could not find a valid tablespace file for ``phpmyadmin`.`pma__savedsearches``. Please refer to https://mariadb.com/kb/en/innodb-data-dictionary-troubleshooting/ for how to resolve the issue.
2026-06-04 20:51:58 0 [Warning] InnoDB: Ignoring tablespace for `phpmyadmin`.`pma__savedsearches` because it could not be opened.
2026-06-04 20:51:58 0 [ERROR] InnoDB: Operating system error number 3 in a file operation.
2026-06-04 20:51:58 0 [ERROR] InnoDB: The error means the system cannot find the path specified.
2026-06-04 20:51:58 0 [ERROR] InnoDB: If you are installing InnoDB, remember that you must create directories yourself, InnoDB does not create them.
2026-06-04 20:51:58 0 [ERROR] InnoDB: Cannot open datafile for read-only: '.\phpmyadmin\pma__table_coords.ibd' OS error: 203
2026-06-04 20:51:58 0 [ERROR] InnoDB: Operating system error number 203 in a file operation.
2026-06-04 20:51:58 0 [Note] InnoDB: Some operating system error numbers are described at https://mariadb.com/kb/en/library/operating-system-error-codes/
2026-06-04 20:51:58 0 [ERROR] InnoDB: Could not find a valid tablespace file for ``phpmyadmin`.`pma__table_coords``. Please refer to https://mariadb.com/kb/en/innodb-data-dictionary-troubleshooting/ for how to resolve the issue.
2026-06-04 20:51:58 0 [Warning] InnoDB: Ignoring tablespace for `phpmyadmin`.`pma__table_coords` because it could not be opened.
2026-06-04 20:51:58 0 [ERROR] InnoDB: Operating system error number 3 in a file operation.
2026-06-04 20:51:58 0 [ERROR] InnoDB: The error means the system cannot find the path specified.
2026-06-04 20:51:58 0 [ERROR] InnoDB: If you are installing InnoDB, remember that you must create directories yourself, InnoDB does not create them.
2026-06-04 20:51:58 0 [ERROR] InnoDB: Cannot open datafile for read-only: '.\phpmyadmin\pma__table_info.ibd' OS error: 203
2026-06-04 20:51:58 0 [ERROR] InnoDB: Operating system error number 203 in a file operation.
2026-06-04 20:51:58 0 [Note] InnoDB: Some operating system error numbers are described at https://mariadb.com/kb/en/library/operating-system-error-codes/
2026-06-04 20:51:58 0 [ERROR] InnoDB: Could not find a valid tablespace file for ``phpmyadmin`.`pma__table_info``. Please refer to https://mariadb.com/kb/en/innodb-data-dictionary-troubleshooting/ for how to resolve the issue.
2026-06-04 20:51:58 0 [Warning] InnoDB: Ignoring tablespace for `phpmyadmin`.`pma__table_info` because it could not be opened.
2026-06-04 20:51:58 0 [ERROR] InnoDB: Operating system error number 3 in a file operation.
2026-06-04 20:51:58 0 [ERROR] InnoDB: The error means the system cannot find the path specified.
2026-06-04 20:51:58 0 [ERROR] InnoDB: If you are installing InnoDB, remember that you must create directories yourself, InnoDB does not create them.
2026-06-04 20:51:58 0 [ERROR] InnoDB: Cannot open datafile for read-only: '.\phpmyadmin\pma__table_uiprefs.ibd' OS error: 203
2026-06-04 20:51:58 0 [ERROR] InnoDB: Operating system error number 203 in a file operation.
2026-06-04 20:51:58 0 [Note] InnoDB: Some operating system error numbers are described at https://mariadb.com/kb/en/library/operating-system-error-codes/
2026-06-04 20:51:58 0 [ERROR] InnoDB: Could not find a valid tablespace file for ``phpmyadmin`.`pma__table_uiprefs``. Please refer to https://mariadb.com/kb/en/innodb-data-dictionary-troubleshooting/ for how to resolve the issue.
2026-06-04 20:51:58 0 [Warning] InnoDB: Ignoring tablespace for `phpmyadmin`.`pma__table_uiprefs` because it could not be opened.
2026-06-04 20:51:58 0 [ERROR] InnoDB: Operating system error number 3 in a file operation.
2026-06-04 20:51:58 0 [ERROR] InnoDB: The error means the system cannot find the path specified.
2026-06-04 20:51:58 0 [ERROR] InnoDB: If you are installing InnoDB, remember that you must create directories yourself, InnoDB does not create them.
2026-06-04 20:51:58 0 [ERROR] InnoDB: Cannot open datafile for read-only: '.\phpmyadmin\pma__tracking.ibd' OS error: 203
2026-06-04 20:51:58 0 [ERROR] InnoDB: Operating system error number 203 in a file operation.
2026-06-04 20:51:58 0 [Note] InnoDB: Some operating system error numbers are described at https://mariadb.com/kb/en/library/operating-system-error-codes/
2026-06-04 20:51:58 0 [ERROR] InnoDB: Could not find a valid tablespace file for ``phpmyadmin`.`pma__tracking``. Please refer to https://mariadb.com/kb/en/innodb-data-dictionary-troubleshooting/ for how to resolve the issue.
2026-06-04 20:51:58 0 [Warning] InnoDB: Ignoring tablespace for `phpmyadmin`.`pma__tracking` because it could not be opened.
2026-06-04 20:51:58 0 [ERROR] InnoDB: Operating system error number 3 in a file operation.
2026-06-04 20:51:58 0 [ERROR] InnoDB: The error means the system cannot find the path specified.
2026-06-04 20:51:58 0 [ERROR] InnoDB: If you are installing InnoDB, remember that you must create directories yourself, InnoDB does not create them.
2026-06-04 20:51:58 0 [ERROR] InnoDB: Cannot open datafile for read-only: '.\phpmyadmin\pma__userconfig.ibd' OS error: 203
2026-06-04 20:51:58 0 [ERROR] InnoDB: Operating system error number 203 in a file operation.
2026-06-04 20:51:58 0 [Note] InnoDB: Some operating system error numbers are described at https://mariadb.com/kb/en/library/operating-system-error-codes/
2026-06-04 20:51:58 0 [ERROR] InnoDB: Could not find a valid tablespace file for ``phpmyadmin`.`pma__userconfig``. Please refer to https://mariadb.com/kb/en/innodb-data-dictionary-troubleshooting/ for how to resolve the issue.
2026-06-04 20:51:58 0 [Warning] InnoDB: Ignoring tablespace for `phpmyadmin`.`pma__userconfig` because it could not be opened.
2026-06-04 20:51:58 0 [ERROR] InnoDB: Operating system error number 3 in a file operation.
2026-06-04 20:51:58 0 [ERROR] InnoDB: The error means the system cannot find the path specified.
2026-06-04 20:51:58 0 [ERROR] InnoDB: If you are installing InnoDB, remember that you must create directories yourself, InnoDB does not create them.
2026-06-04 20:51:58 0 [ERROR] InnoDB: Cannot open datafile for read-only: '.\phpmyadmin\pma__usergroups.ibd' OS error: 203
2026-06-04 20:51:58 0 [ERROR] InnoDB: Operating system error number 203 in a file operation.
2026-06-04 20:51:58 0 [Note] InnoDB: Some operating system error numbers are described at https://mariadb.com/kb/en/library/operating-system-error-codes/
2026-06-04 20:51:58 0 [ERROR] InnoDB: Could not find a valid tablespace file for ``phpmyadmin`.`pma__usergroups``. Please refer to https://mariadb.com/kb/en/innodb-data-dictionary-troubleshooting/ for how to resolve the issue.
2026-06-04 20:51:58 0 [Warning] InnoDB: Ignoring tablespace for `phpmyadmin`.`pma__usergroups` because it could not be opened.
2026-06-04 20:51:58 0 [ERROR] InnoDB: Operating system error number 3 in a file operation.
2026-06-04 20:51:58 0 [ERROR] InnoDB: The error means the system cannot find the path specified.
2026-06-04 20:51:58 0 [ERROR] InnoDB: If you are installing InnoDB, remember that you must create directories yourself, InnoDB does not create them.
2026-06-04 20:51:58 0 [ERROR] InnoDB: Cannot open datafile for read-only: '.\phpmyadmin\pma__users.ibd' OS error: 203
2026-06-04 20:51:58 0 [ERROR] InnoDB: Operating system error number 203 in a file operation.
2026-06-04 20:51:58 0 [Note] InnoDB: Some operating system error numbers are described at https://mariadb.com/kb/en/library/operating-system-error-codes/
2026-06-04 20:51:58 0 [ERROR] InnoDB: Could not find a valid tablespace file for ``phpmyadmin`.`pma__users``. Please refer to https://mariadb.com/kb/en/innodb-data-dictionary-troubleshooting/ for how to resolve the issue.
2026-06-04 20:51:58 0 [Warning] InnoDB: Ignoring tablespace for `phpmyadmin`.`pma__users` because it could not be opened.
2026-06-04 20:51:58 0 [Note] InnoDB: 128 out of 128 rollback segments are active.
2026-06-04 20:51:58 0 [Note] InnoDB: Removed temporary tablespace data file: "ibtmp1"
2026-06-04 20:51:58 0 [Note] InnoDB: Creating shared tablespace for temporary tables
2026-06-04 20:51:58 0 [Note] InnoDB: Setting file 'C:\xampp\mysql\data\ibtmp1' size to 12 MB. Physically writing the file full; Please wait ...
2026-06-04 20:51:58 0 [Note] InnoDB: File 'C:\xampp\mysql\data\ibtmp1' size is now 12 MB.
2026-06-04 20:51:58 0 [Note] InnoDB: Waiting for purge to start
2026-06-04 20:51:58 2 [ERROR] InnoDB: Operating system error number 3 in a file operation.
2026-06-04 20:51:58 2 [ERROR] InnoDB: The error means the system cannot find the path specified.
2026-06-04 20:51:58 2 [ERROR] InnoDB: If you are installing InnoDB, remember that you must create directories yourself, InnoDB does not create them.
2026-06-04 20:51:58 2 [ERROR] InnoDB: Cannot open datafile for read-only: '.\phpmyadmin\pma__recent.ibd' OS error: 203
2026-06-04 20:51:58 2 [ERROR] InnoDB: Operating system error number 203 in a file operation.
2026-06-04 20:51:58 2 [Note] InnoDB: Some operating system error numbers are described at https://mariadb.com/kb/en/library/operating-system-error-codes/
2026-06-04 20:51:58 2 [ERROR] InnoDB: Could not find a valid tablespace file for ``phpmyadmin`.`pma__recent``. Please refer to https://mariadb.com/kb/en/innodb-data-dictionary-troubleshooting/ for how to resolve the issue.
2026-06-04 20:51:58 0 [Note] InnoDB: 10.4.32 started; log sequence number 471020; transaction id 411
2026-06-04 20:51:58 0 [Note] InnoDB: Loading buffer pool(s) from C:\xampp\mysql\data\ib_buffer_pool
2026-06-04 20:51:58 0 [Note] Plugin 'FEEDBACK' is disabled.
2026-06-04 20:51:58 0 [ERROR] Could not open mysql.plugin table. Some plugins may be not loaded
2026-06-04 20:51:58 0 [ERROR] Can't open and lock privilege tables: Table 'mysql.servers' doesn't exist
2026-06-04 20:51:58 0 [Note] Server socket created on IP: '::'.
2026-06-04 20:53:13 0 [Note] Starting MariaDB 10.4.32-MariaDB source revision c4143f909528e3fab0677a28631d10389354c491 as process 16880
2026-06-04 20:53:13 0 [Note] InnoDB: Mutexes and rw_locks use Windows interlocked functions
2026-06-04 20:53:13 0 [Note] InnoDB: Uses event mutexes
2026-06-04 20:53:13 0 [Note] InnoDB: Compressed tables use zlib 1.3
2026-06-04 20:53:13 0 [Note] InnoDB: Number of pools: 1
2026-06-04 20:53:13 0 [Note] InnoDB: Using SSE2 crc32 instructions
2026-06-04 20:53:13 0 [Note] InnoDB: Initializing buffer pool, total size = 16M, instances = 1, chunk size = 16M
2026-06-04 20:53:13 0 [Note] InnoDB: Completed initialization of buffer pool
2026-06-04 20:53:13 0 [ERROR] InnoDB: Operating system error number 3 in a file operation.
2026-06-04 20:53:13 0 [ERROR] InnoDB: The error means the system cannot find the path specified.
2026-06-04 20:53:13 0 [ERROR] InnoDB: If you are installing InnoDB, remember that you must create directories yourself, InnoDB does not create them.
2026-06-04 20:53:13 0 [ERROR] InnoDB: Cannot open datafile for read-only: '.\helpdesk\activitylogs.ibd' OS error: 203
2026-06-04 20:53:13 0 [ERROR] InnoDB: Operating system error number 203 in a file operation.
2026-06-04 20:53:13 0 [Note] InnoDB: Some operating system error numbers are described at https://mariadb.com/kb/en/library/operating-system-error-codes/
2026-06-04 20:53:13 0 [ERROR] InnoDB: Could not find a valid tablespace file for ``helpdesk`.`activitylogs``. Please refer to https://mariadb.com/kb/en/innodb-data-dictionary-troubleshooting/ for how to resolve the issue.
2026-06-04 20:53:13 0 [Warning] InnoDB: Ignoring tablespace for `helpdesk`.`activitylogs` because it could not be opened.
2026-06-04 20:53:13 0 [ERROR] InnoDB: Operating system error number 3 in a file operation.
2026-06-04 20:53:13 0 [ERROR] InnoDB: The error means the system cannot find the path specified.
2026-06-04 20:53:13 0 [ERROR] InnoDB: If you are installing InnoDB, remember that you must create directories yourself, InnoDB does not create them.
2026-06-04 20:53:13 0 [ERROR] InnoDB: Cannot open datafile for read-only: '.\helpdesk\categories.ibd' OS error: 203
2026-06-04 20:53:13 0 [ERROR] InnoDB: Operating system error number 203 in a file operation.
2026-06-04 20:53:13 0 [Note] InnoDB: Some operating system error numbers are described at https://mariadb.com/kb/en/library/operating-system-error-codes/
2026-06-04 20:53:13 0 [ERROR] InnoDB: Could not find a valid tablespace file for ``helpdesk`.`categories``. Please refer to https://mariadb.com/kb/en/innodb-data-dictionary-troubleshooting/ for how to resolve the issue.
2026-06-04 20:53:13 0 [Warning] InnoDB: Ignoring tablespace for `helpdesk`.`categories` because it could not be opened.
2026-06-04 20:53:13 0 [ERROR] InnoDB: Operating system error number 3 in a file operation.
2026-06-04 20:53:13 0 [ERROR] InnoDB: The error means the system cannot find the path specified.
2026-06-04 20:53:13 0 [ERROR] InnoDB: If you are installing InnoDB, remember that you must create directories yourself, InnoDB does not create them.
2026-06-04 20:53:13 0 [ERROR] InnoDB: Cannot open datafile for read-only: '.\helpdesk\notifications.ibd' OS error: 203
2026-06-04 20:53:13 0 [ERROR] InnoDB: Operating system error number 203 in a file operation.
2026-06-04 20:53:13 0 [Note] InnoDB: Some operating system error numbers are described at https://mariadb.com/kb/en/library/operating-system-error-codes/
2026-06-04 20:53:13 0 [ERROR] InnoDB: Could not find a valid tablespace file for ``helpdesk`.`notifications``. Please refer to https://mariadb.com/kb/en/innodb-data-dictionary-troubleshooting/ for how to resolve the issue.
2026-06-04 20:53:13 0 [Warning] InnoDB: Ignoring tablespace for `helpdesk`.`notifications` because it could not be opened.
2026-06-04 20:53:13 0 [ERROR] InnoDB: Operating system error number 3 in a file operation.
2026-06-04 20:53:13 0 [ERROR] InnoDB: The error means the system cannot find the path specified.
2026-06-04 20:53:13 0 [ERROR] InnoDB: If you are installing InnoDB, remember that you must create directories yourself, InnoDB does not create them.
2026-06-04 20:53:13 0 [ERROR] InnoDB: Cannot open datafile for read-only: '.\helpdesk\priorities.ibd' OS error: 203
2026-06-04 20:53:13 0 [ERROR] InnoDB: Operating system error number 203 in a file operation.
2026-06-04 20:53:13 0 [Note] InnoDB: Some operating system error numbers are described at https://mariadb.com/kb/en/library/operating-system-error-codes/
2026-06-04 20:53:13 0 [ERROR] InnoDB: Could not find a valid tablespace file for ``helpdesk`.`priorities``. Please refer to https://mariadb.com/kb/en/innodb-data-dictionary-troubleshooting/ for how to resolve the issue.
2026-06-04 20:53:13 0 [Warning] InnoDB: Ignoring tablespace for `helpdesk`.`priorities` because it could not be opened.
2026-06-04 20:53:13 0 [ERROR] InnoDB: Operating system error number 3 in a file operation.
2026-06-04 20:53:13 0 [ERROR] InnoDB: The error means the system cannot find the path specified.
2026-06-04 20:53:13 0 [ERROR] InnoDB: If you are installing InnoDB, remember that you must create directories yourself, InnoDB does not create them.
2026-06-04 20:53:13 0 [ERROR] InnoDB: Cannot open datafile for read-only: '.\helpdesk\roles.ibd' OS error: 203
2026-06-04 20:53:13 0 [ERROR] InnoDB: Operating system error number 203 in a file operation.
2026-06-04 20:53:13 0 [Note] InnoDB: Some operating system error numbers are described at https://mariadb.com/kb/en/library/operating-system-error-codes/
2026-06-04 20:53:13 0 [ERROR] InnoDB: Could not find a valid tablespace file for ``helpdesk`.`roles``. Please refer to https://mariadb.com/kb/en/innodb-data-dictionary-troubleshooting/ for how to resolve the issue.
2026-06-04 20:53:13 0 [Warning] InnoDB: Ignoring tablespace for `helpdesk`.`roles` because it could not be opened.
2026-06-04 20:53:13 0 [ERROR] InnoDB: Operating system error number 3 in a file operation.
2026-06-04 20:53:13 0 [ERROR] InnoDB: The error means the system cannot find the path specified.
2026-06-04 20:53:13 0 [ERROR] InnoDB: If you are installing InnoDB, remember that you must create directories yourself, InnoDB does not create them.
2026-06-04 20:53:13 0 [ERROR] InnoDB: Cannot open datafile for read-only: '.\helpdesk\statuses.ibd' OS error: 203
2026-06-04 20:53:13 0 [ERROR] InnoDB: Operating system error number 203 in a file operation.
2026-06-04 20:53:13 0 [Note] InnoDB: Some operating system error numbers are described at https://mariadb.com/kb/en/library/operating-system-error-codes/
2026-06-04 20:53:13 0 [ERROR] InnoDB: Could not find a valid tablespace file for ``helpdesk`.`statuses``. Please refer to https://mariadb.com/kb/en/innodb-data-dictionary-troubleshooting/ for how to resolve the issue.
2026-06-04 20:53:13 0 [Warning] InnoDB: Ignoring tablespace for `helpdesk`.`statuses` because it could not be opened.
2026-06-04 20:53:13 0 [ERROR] InnoDB: Operating system error number 3 in a file operation.
2026-06-04 20:53:13 0 [ERROR] InnoDB: The error means the system cannot find the path specified.
2026-06-04 20:53:13 0 [ERROR] InnoDB: If you are installing InnoDB, remember that you must create directories yourself, InnoDB does not create them.
2026-06-04 20:53:13 0 [ERROR] InnoDB: Cannot open datafile for read-only: '.\helpdesk\ticketattachments.ibd' OS error: 203
2026-06-04 20:53:13 0 [ERROR] InnoDB: Operating system error number 203 in a file operation.
2026-06-04 20:53:13 0 [Note] InnoDB: Some operating system error numbers are described at https://mariadb.com/kb/en/library/operating-system-error-codes/
2026-06-04 20:53:13 0 [ERROR] InnoDB: Could not find a valid tablespace file for ``helpdesk`.`ticketattachments``. Please refer to https://mariadb.com/kb/en/innodb-data-dictionary-troubleshooting/ for how to resolve the issue.
2026-06-04 20:53:13 0 [Warning] InnoDB: Ignoring tablespace for `helpdesk`.`ticketattachments` because it could not be opened.
2026-06-04 20:53:13 0 [ERROR] InnoDB: Operating system error number 3 in a file operation.
2026-06-04 20:53:13 0 [ERROR] InnoDB: The error means the system cannot find the path specified.
2026-06-04 20:53:13 0 [ERROR] InnoDB: If you are installing InnoDB, remember that you must create directories yourself, InnoDB does not create them.
2026-06-04 20:53:13 0 [ERROR] InnoDB: Cannot open datafile for read-only: '.\helpdesk\ticketcomments.ibd' OS error: 203
2026-06-04 20:53:13 0 [ERROR] InnoDB: Operating system error number 203 in a file operation.
2026-06-04 20:53:13 0 [Note] InnoDB: Some operating system error numbers are described at https://mariadb.com/kb/en/library/operating-system-error-codes/
2026-06-04 20:53:13 0 [ERROR] InnoDB: Could not find a valid tablespace file for ``helpdesk`.`ticketcomments``. Please refer to https://mariadb.com/kb/en/innodb-data-dictionary-troubleshooting/ for how to resolve the issue.
2026-06-04 20:53:13 0 [Warning] InnoDB: Ignoring tablespace for `helpdesk`.`ticketcomments` because it could not be opened.
2026-06-04 20:53:13 0 [ERROR] InnoDB: Operating system error number 3 in a file operation.
2026-06-04 20:53:13 0 [ERROR] InnoDB: The error means the system cannot find the path specified.
2026-06-04 20:53:13 0 [ERROR] InnoDB: If you are installing InnoDB, remember that you must create directories yourself, InnoDB does not create them.
2026-06-04 20:53:13 0 [ERROR] InnoDB: Cannot open datafile for read-only: '.\helpdesk\tickets.ibd' OS error: 203
2026-06-04 20:53:13 0 [ERROR] InnoDB: Operating system error number 203 in a file operation.
2026-06-04 20:53:13 0 [Note] InnoDB: Some operating system error numbers are described at https://mariadb.com/kb/en/library/operating-system-error-codes/
2026-06-04 20:53:13 0 [ERROR] InnoDB: Could not find a valid tablespace file for ``helpdesk`.`tickets``. Please refer to https://mariadb.com/kb/en/innodb-data-dictionary-troubleshooting/ for how to resolve the issue.
2026-06-04 20:53:13 0 [Warning] InnoDB: Ignoring tablespace for `helpdesk`.`tickets` because it could not be opened.
2026-06-04 20:53:13 0 [ERROR] InnoDB: Operating system error number 3 in a file operation.
2026-06-04 20:53:13 0 [ERROR] InnoDB: The error means the system cannot find the path specified.
2026-06-04 20:53:13 0 [ERROR] InnoDB: If you are installing InnoDB, remember that you must create directories yourself, InnoDB does not create them.
2026-06-04 20:53:13 0 [ERROR] InnoDB: Cannot open datafile for read-only: '.\helpdesk\users.ibd' OS error: 203
2026-06-04 20:53:13 0 [ERROR] InnoDB: Operating system error number 203 in a file operation.
2026-06-04 20:53:13 0 [Note] InnoDB: Some operating system error numbers are described at https://mariadb.com/kb/en/library/operating-system-error-codes/
2026-06-04 20:53:13 0 [ERROR] InnoDB: Could not find a valid tablespace file for ``helpdesk`.`users``. Please refer to https://mariadb.com/kb/en/innodb-data-dictionary-troubleshooting/ for how to resolve the issue.
2026-06-04 20:53:13 0 [Warning] InnoDB: Ignoring tablespace for `helpdesk`.`users` because it could not be opened.
2026-06-04 20:53:13 0 [ERROR] InnoDB: Operating system error number 3 in a file operation.
2026-06-04 20:53:13 0 [ERROR] InnoDB: The error means the system cannot find the path specified.
2026-06-04 20:53:13 0 [ERROR] InnoDB: If you are installing InnoDB, remember that you must create directories yourself, InnoDB does not create them.
2026-06-04 20:53:13 0 [ERROR] InnoDB: Cannot open datafile for read-only: '.\mysql\gtid_slave_pos.ibd' OS error: 203
2026-06-04 20:53:13 0 [ERROR] InnoDB: Operating system error number 203 in a file operation.
2026-06-04 20:53:13 0 [Note] InnoDB: Some operating system error numbers are described at https://mariadb.com/kb/en/library/operating-system-error-codes/
2026-06-04 20:53:13 0 [ERROR] InnoDB: Could not find a valid tablespace file for ``mysql`.`gtid_slave_pos``. Please refer to https://mariadb.com/kb/en/innodb-data-dictionary-troubleshooting/ for how to resolve the issue.
2026-06-04 20:53:13 0 [Warning] InnoDB: Ignoring tablespace for `mysql`.`gtid_slave_pos` because it could not be opened.
2026-06-04 20:53:13 0 [ERROR] InnoDB: Operating system error number 3 in a file operation.
2026-06-04 20:53:13 0 [ERROR] InnoDB: The error means the system cannot find the path specified.
2026-06-04 20:53:13 0 [ERROR] InnoDB: If you are installing InnoDB, remember that you must create directories yourself, InnoDB does not create them.
2026-06-04 20:53:13 0 [ERROR] InnoDB: Cannot open datafile for read-only: '.\mysql\innodb_index_stats.ibd' OS error: 203
2026-06-04 20:53:13 0 [ERROR] InnoDB: Operating system error number 203 in a file operation.
2026-06-04 20:53:13 0 [Note] InnoDB: Some operating system error numbers are described at https://mariadb.com/kb/en/library/operating-system-error-codes/
2026-06-04 20:53:13 0 [ERROR] InnoDB: Could not find a valid tablespace file for ``mysql`.`innodb_index_stats``. Please refer to https://mariadb.com/kb/en/innodb-data-dictionary-troubleshooting/ for how to resolve the issue.
2026-06-04 20:53:13 0 [Warning] InnoDB: Ignoring tablespace for `mysql`.`innodb_index_stats` because it could not be opened.
2026-06-04 20:53:13 0 [ERROR] InnoDB: Operating system error number 3 in a file operation.
2026-06-04 20:53:13 0 [ERROR] InnoDB: The error means the system cannot find the path specified.
2026-06-04 20:53:13 0 [ERROR] InnoDB: If you are installing InnoDB, remember that you must create directories yourself, InnoDB does not create them.
2026-06-04 20:53:13 0 [ERROR] InnoDB: Cannot open datafile for read-only: '.\mysql\innodb_table_stats.ibd' OS error: 203
2026-06-04 20:53:13 0 [ERROR] InnoDB: Operating system error number 203 in a file operation.
2026-06-04 20:53:13 0 [Note] InnoDB: Some operating system error numbers are described at https://mariadb.com/kb/en/library/operating-system-error-codes/
2026-06-04 20:53:13 0 [ERROR] InnoDB: Could not find a valid tablespace file for ``mysql`.`innodb_table_stats``. Please refer to https://mariadb.com/kb/en/innodb-data-dictionary-troubleshooting/ for how to resolve the issue.
2026-06-04 20:53:13 0 [Warning] InnoDB: Ignoring tablespace for `mysql`.`innodb_table_stats` because it could not be opened.
2026-06-04 20:53:13 0 [ERROR] InnoDB: Operating system error number 3 in a file operation.
2026-06-04 20:53:13 0 [ERROR] InnoDB: The error means the system cannot find the path specified.
2026-06-04 20:53:13 0 [ERROR] InnoDB: If you are installing InnoDB, remember that you must create directories yourself, InnoDB does not create them.
2026-06-04 20:53:13 0 [ERROR] InnoDB: Cannot open datafile for read-only: '.\mysql\transaction_registry.ibd' OS error: 203
2026-06-04 20:53:13 0 [ERROR] InnoDB: Operating system error number 203 in a file operation.
2026-06-04 20:53:13 0 [Note] InnoDB: Some operating system error numbers are described at https://mariadb.com/kb/en/library/operating-system-error-codes/
2026-06-04 20:53:13 0 [ERROR] InnoDB: Could not find a valid tablespace file for ``mysql`.`transaction_registry``. Please refer to https://mariadb.com/kb/en/innodb-data-dictionary-troubleshooting/ for how to resolve the issue.
2026-06-04 20:53:13 0 [Warning] InnoDB: Ignoring tablespace for `mysql`.`transaction_registry` because it could not be opened.
2026-06-04 20:53:13 0 [ERROR] InnoDB: Operating system error number 3 in a file operation.
2026-06-04 20:53:13 0 [ERROR] InnoDB: The error means the system cannot find the path specified.
2026-06-04 20:53:13 0 [ERROR] InnoDB: If you are installing InnoDB, remember that you must create directories yourself, InnoDB does not create them.
2026-06-04 20:53:13 0 [ERROR] InnoDB: Cannot open datafile for read-only: '.\phpmyadmin\pma__bookmark.ibd' OS error: 203
2026-06-04 20:53:13 0 [ERROR] InnoDB: Operating system error number 203 in a file operation.
2026-06-04 20:53:13 0 [Note] InnoDB: Some operating system error numbers are described at https://mariadb.com/kb/en/library/operating-system-error-codes/
2026-06-04 20:53:13 0 [ERROR] InnoDB: Could not find a valid tablespace file for ``phpmyadmin`.`pma__bookmark``. Please refer to https://mariadb.com/kb/en/innodb-data-dictionary-troubleshooting/ for how to resolve the issue.
2026-06-04 20:53:13 0 [Warning] InnoDB: Ignoring tablespace for `phpmyadmin`.`pma__bookmark` because it could not be opened.
2026-06-04 20:53:13 0 [ERROR] InnoDB: Operating system error number 3 in a file operation.
2026-06-04 20:53:13 0 [ERROR] InnoDB: The error means the system cannot find the path specified.
2026-06-04 20:53:13 0 [ERROR] InnoDB: If you are installing InnoDB, remember that you must create directories yourself, InnoDB does not create them.
2026-06-04 20:53:13 0 [ERROR] InnoDB: Cannot open datafile for read-only: '.\phpmyadmin\pma__central_columns.ibd' OS error: 203
2026-06-04 20:53:13 0 [ERROR] InnoDB: Operating system error number 203 in a file operation.
2026-06-04 20:53:13 0 [Note] InnoDB: Some operating system error numbers are described at https://mariadb.com/kb/en/library/operating-system-error-codes/
2026-06-04 20:53:13 0 [ERROR] InnoDB: Could not find a valid tablespace file for ``phpmyadmin`.`pma__central_columns``. Please refer to https://mariadb.com/kb/en/innodb-data-dictionary-troubleshooting/ for how to resolve the issue.
2026-06-04 20:53:13 0 [Warning] InnoDB: Ignoring tablespace for `phpmyadmin`.`pma__central_columns` because it could not be opened.
2026-06-04 20:53:13 0 [ERROR] InnoDB: Operating system error number 3 in a file operation.
2026-06-04 20:53:13 0 [ERROR] InnoDB: The error means the system cannot find the path specified.
2026-06-04 20:53:13 0 [ERROR] InnoDB: If you are installing InnoDB, remember that you must create directories yourself, InnoDB does not create them.
2026-06-04 20:53:13 0 [ERROR] InnoDB: Cannot open datafile for read-only: '.\phpmyadmin\pma__column_info.ibd' OS error: 203
2026-06-04 20:53:13 0 [ERROR] InnoDB: Operating system error number 203 in a file operation.
2026-06-04 20:53:13 0 [Note] InnoDB: Some operating system error numbers are described at https://mariadb.com/kb/en/library/operating-system-error-codes/
2026-06-04 20:53:13 0 [ERROR] InnoDB: Could not find a valid tablespace file for ``phpmyadmin`.`pma__column_info``. Please refer to https://mariadb.com/kb/en/innodb-data-dictionary-troubleshooting/ for how to resolve the issue.
2026-06-04 20:53:13 0 [Warning] InnoDB: Ignoring tablespace for `phpmyadmin`.`pma__column_info` because it could not be opened.
2026-06-04 20:53:13 0 [ERROR] InnoDB: Operating system error number 3 in a file operation.
2026-06-04 20:53:13 0 [ERROR] InnoDB: The error means the system cannot find the path specified.
2026-06-04 20:53:13 0 [ERROR] InnoDB: If you are installing InnoDB, remember that you must create directories yourself, InnoDB does not create them.
2026-06-04 20:53:13 0 [ERROR] InnoDB: Cannot open datafile for read-only: '.\phpmyadmin\pma__designer_settings.ibd' OS error: 203
2026-06-04 20:53:13 0 [ERROR] InnoDB: Operating system error number 203 in a file operation.
2026-06-04 20:53:13 0 [Note] InnoDB: Some operating system error numbers are described at https://mariadb.com/kb/en/library/operating-system-error-codes/
2026-06-04 20:53:13 0 [ERROR] InnoDB: Could not find a valid tablespace file for ``phpmyadmin`.`pma__designer_settings``. Please refer to https://mariadb.com/kb/en/innodb-data-dictionary-troubleshooting/ for how to resolve the issue.
2026-06-04 20:53:13 0 [Warning] InnoDB: Ignoring tablespace for `phpmyadmin`.`pma__designer_settings` because it could not be opened.
2026-06-04 20:53:13 0 [ERROR] InnoDB: Operating system error number 3 in a file operation.
2026-06-04 20:53:13 0 [ERROR] InnoDB: The error means the system cannot find the path specified.
2026-06-04 20:53:13 0 [ERROR] InnoDB: If you are installing InnoDB, remember that you must create directories yourself, InnoDB does not create them.
2026-06-04 20:53:13 0 [ERROR] InnoDB: Cannot open datafile for read-only: '.\phpmyadmin\pma__export_templates.ibd' OS error: 203
2026-06-04 20:53:13 0 [ERROR] InnoDB: Operating system error number 203 in a file operation.
2026-06-04 20:53:13 0 [Note] InnoDB: Some operating system error numbers are described at https://mariadb.com/kb/en/library/operating-system-error-codes/
2026-06-04 20:53:13 0 [ERROR] InnoDB: Could not find a valid tablespace file for ``phpmyadmin`.`pma__export_templates``. Please refer to https://mariadb.com/kb/en/innodb-data-dictionary-troubleshooting/ for how to resolve the issue.
2026-06-04 20:53:13 0 [Warning] InnoDB: Ignoring tablespace for `phpmyadmin`.`pma__export_templates` because it could not be opened.
2026-06-04 20:53:13 0 [ERROR] InnoDB: Operating system error number 3 in a file operation.
2026-06-04 20:53:13 0 [ERROR] InnoDB: The error means the system cannot find the path specified.
2026-06-04 20:53:13 0 [ERROR] InnoDB: If you are installing InnoDB, remember that you must create directories yourself, InnoDB does not create them.
2026-06-04 20:53:13 0 [ERROR] InnoDB: Cannot open datafile for read-only: '.\phpmyadmin\pma__favorite.ibd' OS error: 203
2026-06-04 20:53:13 0 [ERROR] InnoDB: Operating system error number 203 in a file operation.
2026-06-04 20:53:13 0 [Note] InnoDB: Some operating system error numbers are described at https://mariadb.com/kb/en/library/operating-system-error-codes/
2026-06-04 20:53:13 0 [ERROR] InnoDB: Could not find a valid tablespace file for ``phpmyadmin`.`pma__favorite``. Please refer to https://mariadb.com/kb/en/innodb-data-dictionary-troubleshooting/ for how to resolve the issue.
2026-06-04 20:53:13 0 [Warning] InnoDB: Ignoring tablespace for `phpmyadmin`.`pma__favorite` because it could not be opened.
2026-06-04 20:53:13 0 [ERROR] InnoDB: Operating system error number 3 in a file operation.
2026-06-04 20:53:13 0 [ERROR] InnoDB: The error means the system cannot find the path specified.
2026-06-04 20:53:13 0 [ERROR] InnoDB: If you are installing InnoDB, remember that you must create directories yourself, InnoDB does not create them.
2026-06-04 20:53:13 0 [ERROR] InnoDB: Cannot open datafile for read-only: '.\phpmyadmin\pma__history.ibd' OS error: 203
2026-06-04 20:53:13 0 [ERROR] InnoDB: Operating system error number 203 in a file operation.
2026-06-04 20:53:13 0 [Note] InnoDB: Some operating system error numbers are described at https://mariadb.com/kb/en/library/operating-system-error-codes/
2026-06-04 20:53:13 0 [ERROR] InnoDB: Could not find a valid tablespace file for ``phpmyadmin`.`pma__history``. Please refer to https://mariadb.com/kb/en/innodb-data-dictionary-troubleshooting/ for how to resolve the issue.
2026-06-04 20:53:13 0 [Warning] InnoDB: Ignoring tablespace for `phpmyadmin`.`pma__history` because it could not be opened.
2026-06-04 20:53:13 0 [ERROR] InnoDB: Operating system error number 3 in a file operation.
2026-06-04 20:53:13 0 [ERROR] InnoDB: The error means the system cannot find the path specified.
2026-06-04 20:53:13 0 [ERROR] InnoDB: If you are installing InnoDB, remember that you must create directories yourself, InnoDB does not create them.
2026-06-04 20:53:13 0 [ERROR] InnoDB: Cannot open datafile for read-only: '.\phpmyadmin\pma__navigationhiding.ibd' OS error: 203
2026-06-04 20:53:13 0 [ERROR] InnoDB: Operating system error number 203 in a file operation.
2026-06-04 20:53:13 0 [Note] InnoDB: Some operating system error numbers are described at https://mariadb.com/kb/en/library/operating-system-error-codes/
2026-06-04 20:53:13 0 [ERROR] InnoDB: Could not find a valid tablespace file for ``phpmyadmin`.`pma__navigationhiding``. Please refer to https://mariadb.com/kb/en/innodb-data-dictionary-troubleshooting/ for how to resolve the issue.
2026-06-04 20:53:13 0 [Warning] InnoDB: Ignoring tablespace for `phpmyadmin`.`pma__navigationhiding` because it could not be opened.
2026-06-04 20:53:13 0 [ERROR] InnoDB: Operating system error number 3 in a file operation.
2026-06-04 20:53:13 0 [ERROR] InnoDB: The error means the system cannot find the path specified.
2026-06-04 20:53:13 0 [ERROR] InnoDB: If you are installing InnoDB, remember that you must create directories yourself, InnoDB does not create them.
2026-06-04 20:53:13 0 [ERROR] InnoDB: Cannot open datafile for read-only: '.\phpmyadmin\pma__pdf_pages.ibd' OS error: 203
2026-06-04 20:53:13 0 [ERROR] InnoDB: Operating system error number 203 in a file operation.
2026-06-04 20:53:13 0 [Note] InnoDB: Some operating system error numbers are described at https://mariadb.com/kb/en/library/operating-system-error-codes/
2026-06-04 20:53:13 0 [ERROR] InnoDB: Could not find a valid tablespace file for ``phpmyadmin`.`pma__pdf_pages``. Please refer to https://mariadb.com/kb/en/innodb-data-dictionary-troubleshooting/ for how to resolve the issue.
2026-06-04 20:53:13 0 [Warning] InnoDB: Ignoring tablespace for `phpmyadmin`.`pma__pdf_pages` because it could not be opened.
2026-06-04 20:53:13 0 [ERROR] InnoDB: Operating system error number 3 in a file operation.
2026-06-04 20:53:13 0 [ERROR] InnoDB: The error means the system cannot find the path specified.
2026-06-04 20:53:13 0 [ERROR] InnoDB: If you are installing InnoDB, remember that you must create directories yourself, InnoDB does not create them.
2026-06-04 20:53:13 0 [ERROR] InnoDB: Cannot open datafile for read-only: '.\phpmyadmin\pma__recent.ibd' OS error: 203
2026-06-04 20:53:13 0 [ERROR] InnoDB: Operating system error number 203 in a file operation.
2026-06-04 20:53:13 0 [Note] InnoDB: Some operating system error numbers are described at https://mariadb.com/kb/en/library/operating-system-error-codes/
2026-06-04 20:53:13 0 [ERROR] InnoDB: Could not find a valid tablespace file for ``phpmyadmin`.`pma__recent``. Please refer to https://mariadb.com/kb/en/innodb-data-dictionary-troubleshooting/ for how to resolve the issue.
2026-06-04 20:53:13 0 [Warning] InnoDB: Ignoring tablespace for `phpmyadmin`.`pma__recent` because it could not be opened.
2026-06-04 20:53:13 0 [ERROR] InnoDB: Operating system error number 3 in a file operation.
2026-06-04 20:53:13 0 [ERROR] InnoDB: The error means the system cannot find the path specified.
2026-06-04 20:53:13 0 [ERROR] InnoDB: If you are installing InnoDB, remember that you must create directories yourself, InnoDB does not create them.
2026-06-04 20:53:13 0 [ERROR] InnoDB: Cannot open datafile for read-only: '.\phpmyadmin\pma__relation.ibd' OS error: 203
2026-06-04 20:53:13 0 [ERROR] InnoDB: Operating system error number 203 in a file operation.
2026-06-04 20:53:13 0 [Note] InnoDB: Some operating system error numbers are described at https://mariadb.com/kb/en/library/operating-system-error-codes/
2026-06-04 20:53:13 0 [ERROR] InnoDB: Could not find a valid tablespace file for ``phpmyadmin`.`pma__relation``. Please refer to https://mariadb.com/kb/en/innodb-data-dictionary-troubleshooting/ for how to resolve the issue.
2026-06-04 20:53:13 0 [Warning] InnoDB: Ignoring tablespace for `phpmyadmin`.`pma__relation` because it could not be opened.
2026-06-04 20:53:13 0 [ERROR] InnoDB: Operating system error number 3 in a file operation.
2026-06-04 20:53:13 0 [ERROR] InnoDB: The error means the system cannot find the path specified.
2026-06-04 20:53:13 0 [ERROR] InnoDB: If you are installing InnoDB, remember that you must create directories yourself, InnoDB does not create them.
2026-06-04 20:53:13 0 [ERROR] InnoDB: Cannot open datafile for read-only: '.\phpmyadmin\pma__savedsearches.ibd' OS error: 203
2026-06-04 20:53:13 0 [ERROR] InnoDB: Operating system error number 203 in a file operation.
2026-06-04 20:53:13 0 [Note] InnoDB: Some operating system error numbers are described at https://mariadb.com/kb/en/library/operating-system-error-codes/
2026-06-04 20:53:13 0 [ERROR] InnoDB: Could not find a valid tablespace file for ``phpmyadmin`.`pma__savedsearches``. Please refer to https://mariadb.com/kb/en/innodb-data-dictionary-troubleshooting/ for how to resolve the issue.
2026-06-04 20:53:13 0 [Warning] InnoDB: Ignoring tablespace for `phpmyadmin`.`pma__savedsearches` because it could not be opened.
2026-06-04 20:53:13 0 [ERROR] InnoDB: Operating system error number 3 in a file operation.
2026-06-04 20:53:13 0 [ERROR] InnoDB: The error means the system cannot find the path specified.
2026-06-04 20:53:13 0 [ERROR] InnoDB: If you are installing InnoDB, remember that you must create directories yourself, InnoDB does not create them.
2026-06-04 20:53:13 0 [ERROR] InnoDB: Cannot open datafile for read-only: '.\phpmyadmin\pma__table_coords.ibd' OS error: 203
2026-06-04 20:53:13 0 [ERROR] InnoDB: Operating system error number 203 in a file operation.
2026-06-04 20:53:13 0 [Note] InnoDB: Some operating system error numbers are described at https://mariadb.com/kb/en/library/operating-system-error-codes/
2026-06-04 20:53:13 0 [ERROR] InnoDB: Could not find a valid tablespace file for ``phpmyadmin`.`pma__table_coords``. Please refer to https://mariadb.com/kb/en/innodb-data-dictionary-troubleshooting/ for how to resolve the issue.
2026-06-04 20:53:13 0 [Warning] InnoDB: Ignoring tablespace for `phpmyadmin`.`pma__table_coords` because it could not be opened.
2026-06-04 20:53:13 0 [ERROR] InnoDB: Operating system error number 3 in a file operation.
2026-06-04 20:53:13 0 [ERROR] InnoDB: The error means the system cannot find the path specified.
2026-06-04 20:53:13 0 [ERROR] InnoDB: If you are installing InnoDB, remember that you must create directories yourself, InnoDB does not create them.
2026-06-04 20:53:13 0 [ERROR] InnoDB: Cannot open datafile for read-only: '.\phpmyadmin\pma__table_info.ibd' OS error: 203
2026-06-04 20:53:13 0 [ERROR] InnoDB: Operating system error number 203 in a file operation.
2026-06-04 20:53:13 0 [Note] InnoDB: Some operating system error numbers are described at https://mariadb.com/kb/en/library/operating-system-error-codes/
2026-06-04 20:53:13 0 [ERROR] InnoDB: Could not find a valid tablespace file for ``phpmyadmin`.`pma__table_info``. Please refer to https://mariadb.com/kb/en/innodb-data-dictionary-troubleshooting/ for how to resolve the issue.
2026-06-04 20:53:13 0 [Warning] InnoDB: Ignoring tablespace for `phpmyadmin`.`pma__table_info` because it could not be opened.
2026-06-04 20:53:13 0 [ERROR] InnoDB: Operating system error number 3 in a file operation.
2026-06-04 20:53:13 0 [ERROR] InnoDB: The error means the system cannot find the path specified.
2026-06-04 20:53:13 0 [ERROR] InnoDB: If you are installing InnoDB, remember that you must create directories yourself, InnoDB does not create them.
2026-06-04 20:53:13 0 [ERROR] InnoDB: Cannot open datafile for read-only: '.\phpmyadmin\pma__table_uiprefs.ibd' OS error: 203
2026-06-04 20:53:13 0 [ERROR] InnoDB: Operating system error number 203 in a file operation.
2026-06-04 20:53:13 0 [Note] InnoDB: Some operating system error numbers are described at https://mariadb.com/kb/en/library/operating-system-error-codes/
2026-06-04 20:53:13 0 [ERROR] InnoDB: Could not find a valid tablespace file for ``phpmyadmin`.`pma__table_uiprefs``. Please refer to https://mariadb.com/kb/en/innodb-data-dictionary-troubleshooting/ for how to resolve the issue.
2026-06-04 20:53:13 0 [Warning] InnoDB: Ignoring tablespace for `phpmyadmin`.`pma__table_uiprefs` because it could not be opened.
2026-06-04 20:53:13 0 [ERROR] InnoDB: Operating system error number 3 in a file operation.
2026-06-04 20:53:13 0 [ERROR] InnoDB: The error means the system cannot find the path specified.
2026-06-04 20:53:13 0 [ERROR] InnoDB: If you are installing InnoDB, remember that you must create directories yourself, InnoDB does not create them.
2026-06-04 20:53:13 0 [ERROR] InnoDB: Cannot open datafile for read-only: '.\phpmyadmin\pma__tracking.ibd' OS error: 203
2026-06-04 20:53:13 0 [ERROR] InnoDB: Operating system error number 203 in a file operation.
2026-06-04 20:53:13 0 [Note] InnoDB: Some operating system error numbers are described at https://mariadb.com/kb/en/library/operating-system-error-codes/
2026-06-04 20:53:13 0 [ERROR] InnoDB: Could not find a valid tablespace file for ``phpmyadmin`.`pma__tracking``. Please refer to https://mariadb.com/kb/en/innodb-data-dictionary-troubleshooting/ for how to resolve the issue.
2026-06-04 20:53:13 0 [Warning] InnoDB: Ignoring tablespace for `phpmyadmin`.`pma__tracking` because it could not be opened.
2026-06-04 20:53:13 0 [ERROR] InnoDB: Operating system error number 3 in a file operation.
2026-06-04 20:53:13 0 [ERROR] InnoDB: The error means the system cannot find the path specified.
2026-06-04 20:53:13 0 [ERROR] InnoDB: If you are installing InnoDB, remember that you must create directories yourself, InnoDB does not create them.
2026-06-04 20:53:13 0 [ERROR] InnoDB: Cannot open datafile for read-only: '.\phpmyadmin\pma__userconfig.ibd' OS error: 203
2026-06-04 20:53:13 0 [ERROR] InnoDB: Operating system error number 203 in a file operation.
2026-06-04 20:53:13 0 [Note] InnoDB: Some operating system error numbers are described at https://mariadb.com/kb/en/library/operating-system-error-codes/
2026-06-04 20:53:13 0 [ERROR] InnoDB: Could not find a valid tablespace file for ``phpmyadmin`.`pma__userconfig``. Please refer to https://mariadb.com/kb/en/innodb-data-dictionary-troubleshooting/ for how to resolve the issue.
2026-06-04 20:53:13 0 [Warning] InnoDB: Ignoring tablespace for `phpmyadmin`.`pma__userconfig` because it could not be opened.
2026-06-04 20:53:13 0 [ERROR] InnoDB: Operating system error number 3 in a file operation.
2026-06-04 20:53:13 0 [ERROR] InnoDB: The error means the system cannot find the path specified.
2026-06-04 20:53:13 0 [ERROR] InnoDB: If you are installing InnoDB, remember that you must create directories yourself, InnoDB does not create them.
2026-06-04 20:53:13 0 [ERROR] InnoDB: Cannot open datafile for read-only: '.\phpmyadmin\pma__usergroups.ibd' OS error: 203
2026-06-04 20:53:13 0 [ERROR] InnoDB: Operating system error number 203 in a file operation.
2026-06-04 20:53:13 0 [Note] InnoDB: Some operating system error numbers are described at https://mariadb.com/kb/en/library/operating-system-error-codes/
2026-06-04 20:53:13 0 [ERROR] InnoDB: Could not find a valid tablespace file for ``phpmyadmin`.`pma__usergroups``. Please refer to https://mariadb.com/kb/en/innodb-data-dictionary-troubleshooting/ for how to resolve the issue.
2026-06-04 20:53:13 0 [Warning] InnoDB: Ignoring tablespace for `phpmyadmin`.`pma__usergroups` because it could not be opened.
2026-06-04 20:53:13 0 [ERROR] InnoDB: Operating system error number 3 in a file operation.
2026-06-04 20:53:13 0 [ERROR] InnoDB: The error means the system cannot find the path specified.
2026-06-04 20:53:13 0 [ERROR] InnoDB: If you are installing InnoDB, remember that you must create directories yourself, InnoDB does not create them.
2026-06-04 20:53:13 0 [ERROR] InnoDB: Cannot open datafile for read-only: '.\phpmyadmin\pma__users.ibd' OS error: 203
2026-06-04 20:53:13 0 [ERROR] InnoDB: Operating system error number 203 in a file operation.
2026-06-04 20:53:13 0 [Note] InnoDB: Some operating system error numbers are described at https://mariadb.com/kb/en/library/operating-system-error-codes/
2026-06-04 20:53:13 0 [ERROR] InnoDB: Could not find a valid tablespace file for ``phpmyadmin`.`pma__users``. Please refer to https://mariadb.com/kb/en/innodb-data-dictionary-troubleshooting/ for how to resolve the issue.
2026-06-04 20:53:13 0 [Warning] InnoDB: Ignoring tablespace for `phpmyadmin`.`pma__users` because it could not be opened.
2026-06-04 20:53:13 0 [Note] InnoDB: 128 out of 128 rollback segments are active.
2026-06-04 20:53:13 0 [Note] InnoDB: Creating shared tablespace for temporary tables
2026-06-04 20:53:13 0 [Note] InnoDB: Setting file 'C:\xampp\mysql\data\ibtmp1' size to 12 MB. Physically writing the file full; Please wait ...
2026-06-04 20:53:13 0 [Note] InnoDB: File 'C:\xampp\mysql\data\ibtmp1' size is now 12 MB.
2026-06-04 20:53:13 0 [Note] InnoDB: Waiting for purge to start
2026-06-04 20:53:13 2 [ERROR] InnoDB: Operating system error number 3 in a file operation.
2026-06-04 20:53:13 2 [ERROR] InnoDB: The error means the system cannot find the path specified.
2026-06-04 20:53:13 2 [ERROR] InnoDB: If you are installing InnoDB, remember that you must create directories yourself, InnoDB does not create them.
2026-06-04 20:53:13 2 [ERROR] InnoDB: Cannot open datafile for read-only: '.\phpmyadmin\pma__recent.ibd' OS error: 203
2026-06-04 20:53:13 2 [ERROR] InnoDB: Operating system error number 203 in a file operation.
2026-06-04 20:53:13 2 [Note] InnoDB: Some operating system error numbers are described at https://mariadb.com/kb/en/library/operating-system-error-codes/
2026-06-04 20:53:13 2 [ERROR] InnoDB: Could not find a valid tablespace file for ``phpmyadmin`.`pma__recent``. Please refer to https://mariadb.com/kb/en/innodb-data-dictionary-troubleshooting/ for how to resolve the issue.
2026-06-04 20:53:13 0 [Note] InnoDB: 10.4.32 started; log sequence number 471029; transaction id 411
2026-06-04 20:53:13 0 [Note] InnoDB: Loading buffer pool(s) from C:\xampp\mysql\data\ib_buffer_pool
2026-06-04 20:53:13 0 [Note] Plugin 'FEEDBACK' is disabled.
2026-06-04 20:53:13 0 [ERROR] Could not open mysql.plugin table. Some plugins may be not loaded
2026-06-04 20:53:13 0 [Note] InnoDB: Buffer pool(s) load completed at 260604 20:53:13
2026-06-04 20:53:13 0 [ERROR] Can't open and lock privilege tables: Table 'mysql.servers' doesn't exist
2026-06-04 20:53:13 0 [Note] Server socket created on IP: '::'.
2026-06-04 20:53:13 0 [ERROR] Fatal error: Can't open and lock privilege tables: Table 'mysql.db' doesn't exist
2026-06-04 20:53:13 0 [ERROR] Aborting
2026-06-04 20:53:14 0 [ERROR] mysqld.exe: Error writing file 'D:\Internship_IDS\1st-Project\mysql\aria_log_control' (Errcode: 9 "Bad file descriptor")
2026-06-04 20:53:14 0 [ERROR] mysqld.exe: Aria engine: checkpoint failed
2026-06-04 20:53:14 0 [ERROR] mysqld.exe: Error on close of 'D:\Internship_IDS\1st-Project\mysql\aria_log_control' (Errcode: 9 "Bad file descriptor")
2026-06-04 20:56:11 0 [Note] Starting MariaDB 10.4.32-MariaDB source revision c4143f909528e3fab0677a28631d10389354c491 as process 27440
2026-06-04 20:56:11 0 [Note] InnoDB: The first innodb_system data file 'ibdata1' did not exist. A new tablespace will be created!
2026-06-04 20:56:11 0 [Note] InnoDB: Mutexes and rw_locks use Windows interlocked functions
2026-06-04 20:56:11 0 [Note] InnoDB: Uses event mutexes
2026-06-04 20:56:11 0 [Note] InnoDB: Compressed tables use zlib 1.3
2026-06-04 20:56:11 0 [Note] InnoDB: Number of pools: 1
2026-06-04 20:56:11 0 [Note] InnoDB: Using SSE2 crc32 instructions
2026-06-04 20:56:11 0 [Note] InnoDB: Initializing buffer pool, total size = 16M, instances = 1, chunk size = 16M
2026-06-04 20:56:11 0 [Note] InnoDB: Completed initialization of buffer pool
2026-06-04 20:56:11 0 [Note] InnoDB: Setting file 'D:\Internship_IDS\1st-Project\mysql\ibdata1' size to 10 MB. Physically writing the file full; Please wait ...
2026-06-04 20:56:11 0 [Note] InnoDB: File 'D:\Internship_IDS\1st-Project\mysql\ibdata1' size is now 10 MB.
2026-06-04 20:56:11 0 [Note] InnoDB: Setting log file C:\xampp\mysql\data\ib_logfile101 size to 5242880 bytes
2026-06-04 20:56:11 0 [Note] InnoDB: Setting log file C:\xampp\mysql\data\ib_logfile1 size to 5242880 bytes
2026-06-04 20:56:11 0 [Note] InnoDB: Renaming log file C:\xampp\mysql\data\ib_logfile101 to C:\xampp\mysql\data\ib_logfile0
2026-06-04 20:56:11 0 [Note] InnoDB: New log files created, LSN=11451
2026-06-04 20:56:11 0 [Note] InnoDB: Doublewrite buffer not found: creating new
2026-06-04 20:56:11 0 [Note] InnoDB: Doublewrite buffer created
2026-06-04 20:56:11 0 [Note] InnoDB: 128 out of 128 rollback segments are active.
2026-06-04 20:56:11 0 [Note] InnoDB: Creating foreign key constraint system tables.
2026-06-04 20:56:11 0 [Note] InnoDB: Creating tablespace and datafile system tables.
2026-06-04 20:56:11 0 [Note] InnoDB: Creating sys_virtual system tables.
2026-06-04 20:56:11 0 [Note] InnoDB: Creating shared tablespace for temporary tables
2026-06-04 20:56:11 0 [Note] InnoDB: Setting file 'D:\Internship_IDS\1st-Project\mysql\ibtmp1' size to 12 MB. Physically writing the file full; Please wait ...
2026-06-04 20:56:11 0 [Note] InnoDB: File 'D:\Internship_IDS\1st-Project\mysql\ibtmp1' size is now 12 MB.
2026-06-04 20:56:11 0 [Note] InnoDB: Waiting for purge to start
2026-06-04 20:56:11 0 [Note] InnoDB: 10.4.32 started; log sequence number 0; transaction id 7
2026-06-04 20:56:11 0 [Note] Plugin 'FEEDBACK' is disabled.
2026-06-04 20:56:11 0 [ERROR] Could not open mysql.plugin table. Some plugins may be not loaded
2026-06-04 20:56:11 0 [ERROR] Can't open and lock privilege tables: Table 'mysql.servers' doesn't exist
2026-06-04 20:56:11 0 [Note] Server socket created on IP: '::'.
2026-06-04 20:56:11 0 [ERROR] Fatal error: Can't open and lock privilege tables: Table 'mysql.db' doesn't exist
2026-06-04 20:56:11 0 [ERROR] Aborting
2026-06-04 20:56:12 0 [Warning] InnoDB: Retry attempts for writing partial data failed.
2026-06-04 20:56:12 0 [ERROR] InnoDB: Write to file C:\xampp\mysql\data\ib_logfile0 failed at offset 39424, 1024 bytes should have been written, only 0 were written. Operating system error number 0. Check that your OS and file system support files of this size. Check also that the disk is not full or a disk quota exceeded.
2026-06-04 20:56:12 0x6fec  InnoDB: Assertion failure in file D:\winx64-packages\build\src\storage\innobase\fil\fil0fil.cc line 4301
InnoDB: Failing assertion: req_type.is_dblwr_recover() || err == DB_SUCCESS
InnoDB: We intentionally generate a memory trap.
InnoDB: Submit a detailed bug report to https://jira.mariadb.org/
InnoDB: If you get repeated assertion failures or crashes, even
InnoDB: immediately after the mysqld startup, there may be
InnoDB: corruption in the InnoDB tablespace. Please refer to
InnoDB: https://mariadb.com/kb/en/library/innodb-recovery-modes/
InnoDB: about forcing recovery.
260604 20:56:12 [ERROR] mysqld got exception 0x80000003 ;
Sorry, we probably made a mistake, and this is a bug.

Your assistance in bug reporting will enable us to fix this for the next release.
To report this bug, see https://mariadb.com/kb/en/reporting-bugs

We will try our best to scrape up some info that will hopefully help
diagnose the problem, but since we have already crashed, 
something is definitely wrong and this may fail.

Server version: 10.4.32-MariaDB source revision: c4143f909528e3fab0677a28631d10389354c491
key_buffer_size=16777216
read_buffer_size=262144
max_used_connections=0
max_threads=65537
thread_count=0
It is possible that mysqld could use up to 
key_buffer_size + (read_buffer_size + sort_buffer_size)*max_threads = 20304 K  bytes of memory
Hope that's ok; if not, decrease some variables in the equation.

Thread pointer: 0x0
Attempting backtrace. You can use the following information to find out
where mysqld died. If you see no messages after this, something went
terribly wrong...
mysqld.exe!my_parameter_handler()
ucrtbase.dll!raise()
ucrtbase.dll!abort()
mysqld.exe!?append@?$basic_string@DU?$char_traits@D@std@@V?$allocator@D@2@@std@@QEAAAEAV12@QEBD_K@Z()
mysqld.exe!pthread_dummy()
mysqld.exe!pthread_dummy()
mysqld.exe!pthread_dummy()
mysqld.exe!pthread_dummy()
mysqld.exe!pthread_dummy()
mysqld.exe!pthread_dummy()
mysqld.exe!pthread_dummy()
mysqld.exe!pthread_dummy()
mysqld.exe!pthread_dummy()
mysqld.exe!pthread_dummy()
mysqld.exe!pthread_dummy()
mysqld.exe!pthread_dummy()
KERNEL32.DLL!BaseThreadInitThunk()
ntdll.dll!RtlUserThreadStart()
The manual page at https://mariadb.com/kb/en/how-to-produce-a-full-stack-trace-for-mariadbd/ contains
information that should help you find out what is causing the crash.
Writing a core file at D:\Internship_IDS\1st-Project\mysql
Minidump written to D:\Internship_IDS\1st-Project\mysql\mysqld.dmp
