2026-06-03 14:38:15 0 [Note] Starting MariaDB 10.4.32-MariaDB source revision c4143f909528e3fab0677a28631d10389354c491 as process 10440
2026-06-03 14:38:15 0 [Note] InnoDB: Mutexes and rw_locks use Windows interlocked functions
2026-06-03 14:38:15 0 [Note] InnoDB: Uses event mutexes
2026-06-03 14:38:15 0 [Note] InnoDB: Compressed tables use zlib 1.3
2026-06-03 14:38:15 0 [Note] InnoDB: Number of pools: 1
2026-06-03 14:38:15 0 [Note] InnoDB: Using SSE2 crc32 instructions
2026-06-03 14:38:15 0 [Note] InnoDB: Initializing buffer pool, total size = 16M, instances = 1, chunk size = 16M
2026-06-03 14:38:15 0 [Note] InnoDB: Completed initialization of buffer pool
2026-06-03 14:38:15 0 [Note] InnoDB: Starting crash recovery from checkpoint LSN=300288
2026-06-03 14:38:15 0 [Note] InnoDB: 128 out of 128 rollback segments are active.
2026-06-03 14:38:15 0 [Note] InnoDB: Removed temporary tablespace data file: "ibtmp1"
2026-06-03 14:38:15 0 [Note] InnoDB: Creating shared tablespace for temporary tables
2026-06-03 14:38:15 0 [Note] InnoDB: Setting file 'C:\xampp\mysql\data\ibtmp1' size to 12 MB. Physically writing the file full; Please wait ...
2026-06-03 14:38:15 0 [Note] InnoDB: File 'C:\xampp\mysql\data\ibtmp1' size is now 12 MB.
2026-06-03 14:38:15 0 [Note] InnoDB: Waiting for purge to start
2026-06-03 14:38:15 0 [Note] InnoDB: 10.4.32 started; log sequence number 300297; transaction id 170
2026-06-03 14:38:15 0 [Note] InnoDB: Loading buffer pool(s) from C:\xampp\mysql\data\ib_buffer_pool
2026-06-03 14:38:15 0 [Note] Plugin 'FEEDBACK' is disabled.
2026-06-03 14:38:15 0 [Note] InnoDB: Buffer pool(s) load completed at 260603 14:38:15
2026-06-03 14:38:15 0 [Note] Server socket created on IP: '::'.
2026-06-03 15:56:12 0 [Note] Starting MariaDB 10.4.32-MariaDB source revision c4143f909528e3fab0677a28631d10389354c491 as process 19316
2026-06-03 15:56:12 0 [Note] InnoDB: Mutexes and rw_locks use Windows interlocked functions
2026-06-03 15:56:12 0 [Note] InnoDB: Uses event mutexes
2026-06-03 15:56:12 0 [Note] InnoDB: Compressed tables use zlib 1.3
2026-06-03 15:56:12 0 [Note] InnoDB: Number of pools: 1
2026-06-03 15:56:12 0 [Note] InnoDB: Using SSE2 crc32 instructions
2026-06-03 15:56:12 0 [Note] InnoDB: Initializing buffer pool, total size = 16M, instances = 1, chunk size = 16M
2026-06-03 15:56:12 0 [Note] InnoDB: Completed initialization of buffer pool
2026-06-03 15:56:12 0 [Note] InnoDB: Starting crash recovery from checkpoint LSN=396522
2026-06-03 15:56:12 0 [Note] InnoDB: 128 out of 128 rollback segments are active.
2026-06-03 15:56:12 0 [Note] InnoDB: Removed temporary tablespace data file: "ibtmp1"
2026-06-03 15:56:12 0 [Note] InnoDB: Creating shared tablespace for temporary tables
2026-06-03 15:56:12 0 [Note] InnoDB: Setting file 'C:\xampp\mysql\data\ibtmp1' size to 12 MB. Physically writing the file full; Please wait ...
2026-06-03 15:56:12 0 [Note] InnoDB: File 'C:\xampp\mysql\data\ibtmp1' size is now 12 MB.
2026-06-03 15:56:12 0 [Note] InnoDB: Waiting for purge to start
2026-06-03 15:56:12 0 [Note] InnoDB: 10.4.32 started; log sequence number 396531; transaction id 295
2026-06-03 15:56:12 0 [Note] InnoDB: Loading buffer pool(s) from C:\xampp\mysql\data\ib_buffer_pool
2026-06-03 15:56:12 0 [Note] Plugin 'FEEDBACK' is disabled.
2026-06-03 15:56:12 0 [Note] Server socket created on IP: '::'.
2026-06-03 15:59:15 0 [Note] Starting MariaDB 10.4.32-MariaDB source revision c4143f909528e3fab0677a28631d10389354c491 as process 3468
2026-06-03 15:59:15 0 [Note] InnoDB: Mutexes and rw_locks use Windows interlocked functions
2026-06-03 15:59:15 0 [Note] InnoDB: Uses event mutexes
2026-06-03 15:59:15 0 [Note] InnoDB: Compressed tables use zlib 1.3
2026-06-03 15:59:15 0 [Note] InnoDB: Number of pools: 1
2026-06-03 15:59:15 0 [Note] InnoDB: Using SSE2 crc32 instructions
2026-06-03 15:59:15 0 [Note] InnoDB: Initializing buffer pool, total size = 16M, instances = 1, chunk size = 16M
2026-06-03 15:59:15 0 [Note] InnoDB: Completed initialization of buffer pool
2026-06-03 15:59:15 0 [Note] InnoDB: Starting crash recovery from checkpoint LSN=396540
2026-06-03 15:59:15 0 [Note] InnoDB: 128 out of 128 rollback segments are active.
2026-06-03 15:59:15 0 [Note] InnoDB: Removed temporary tablespace data file: "ibtmp1"
2026-06-03 15:59:15 0 [Note] InnoDB: Creating shared tablespace for temporary tables
2026-06-03 15:59:15 0 [Note] InnoDB: Setting file 'C:\xampp\mysql\data\ibtmp1' size to 12 MB. Physically writing the file full; Please wait ...
2026-06-03 15:59:15 0 [Note] InnoDB: File 'C:\xampp\mysql\data\ibtmp1' size is now 12 MB.
2026-06-03 15:59:15 0 [Note] InnoDB: Waiting for purge to start
2026-06-03 15:59:15 0 [Note] InnoDB: 10.4.32 started; log sequence number 396549; transaction id 295
2026-06-03 15:59:15 0 [Note] InnoDB: Loading buffer pool(s) from C:\xampp\mysql\data\ib_buffer_pool
2026-06-03 15:59:15 0 [Note] Plugin 'FEEDBACK' is disabled.
2026-06-03 15:59:15 0 [Note] Server socket created on IP: '::'.
2026-06-04 21:40:53 0 [Note] Starting MariaDB 10.4.32-MariaDB source revision c4143f909528e3fab0677a28631d10389354c491 as process 28416
2026-06-04 21:40:53 0 [Note] InnoDB: Mutexes and rw_locks use Windows interlocked functions
2026-06-04 21:40:53 0 [Note] InnoDB: Uses event mutexes
2026-06-04 21:40:53 0 [Note] InnoDB: Compressed tables use zlib 1.3
2026-06-04 21:40:53 0 [Note] InnoDB: Number of pools: 1
2026-06-04 21:40:53 0 [Note] InnoDB: Using SSE2 crc32 instructions
2026-06-04 21:40:53 0 [Note] InnoDB: Initializing buffer pool, total size = 16M, instances = 1, chunk size = 16M
2026-06-04 21:40:53 0 [Note] InnoDB: Completed initialization of buffer pool
2026-06-04 21:40:53 0 [Note] InnoDB: Starting crash recovery from checkpoint LSN=471011
2026-06-04 21:40:54 0 [Note] InnoDB: 128 out of 128 rollback segments are active.
2026-06-04 21:40:54 0 [Note] InnoDB: Removed temporary tablespace data file: "ibtmp1"
2026-06-04 21:40:54 0 [Note] InnoDB: Creating shared tablespace for temporary tables
2026-06-04 21:40:54 0 [Note] InnoDB: Setting file 'D:\Internship_IDS\1st-Project\mysql\data\ibtmp1' size to 12 MB. Physically writing the file full; Please wait ...
2026-06-04 21:40:54 0 [Note] InnoDB: File 'D:\Internship_IDS\1st-Project\mysql\data\ibtmp1' size is now 12 MB.
2026-06-04 21:40:54 0 [Note] InnoDB: Waiting for purge to start
2026-06-04 21:40:54 0 [Note] InnoDB: 10.4.32 started; log sequence number 471020; transaction id 411
2026-06-04 21:40:54 0 [Note] InnoDB: Loading buffer pool(s) from D:\Internship_IDS\1st-Project\mysql\data\ib_buffer_pool
2026-06-04 21:40:54 0 [Note] Plugin 'FEEDBACK' is disabled.
2026-06-04 21:40:54 0 [Note] InnoDB: Buffer pool(s) load completed at 260604 21:40:54
2026-06-04 21:40:54 0 [Note] Server socket created on IP: '::'.
2026-06-04 22:40:17 0 [Note] Starting MariaDB 10.4.32-MariaDB source revision c4143f909528e3fab0677a28631d10389354c491 as process 21164
2026-06-04 22:40:17 0 [Note] InnoDB: Mutexes and rw_locks use Windows interlocked functions
2026-06-04 22:40:17 0 [Note] InnoDB: Uses event mutexes
2026-06-04 22:40:17 0 [Note] InnoDB: Compressed tables use zlib 1.3
2026-06-04 22:40:17 0 [Note] InnoDB: Number of pools: 1
2026-06-04 22:40:17 0 [Note] InnoDB: Using SSE2 crc32 instructions
2026-06-04 22:40:17 0 [Note] InnoDB: Initializing buffer pool, total size = 16M, instances = 1, chunk size = 16M
2026-06-04 22:40:17 0 [Note] InnoDB: Completed initialization of buffer pool
2026-06-04 22:40:17 0 [Note] InnoDB: Starting crash recovery from checkpoint LSN=472135
2026-06-04 22:40:17 0 [Note] InnoDB: 128 out of 128 rollback segments are active.
2026-06-04 22:40:17 0 [Note] InnoDB: Removed temporary tablespace data file: "ibtmp1"
2026-06-04 22:40:17 0 [Note] InnoDB: Creating shared tablespace for temporary tables
2026-06-04 22:40:17 0 [Note] InnoDB: Setting file 'D:\Internship_IDS\1st-Project\mysql\data\ibtmp1' size to 12 MB. Physically writing the file full; Please wait ...
2026-06-04 22:40:17 0 [Note] InnoDB: File 'D:\Internship_IDS\1st-Project\mysql\data\ibtmp1' size is now 12 MB.
2026-06-04 22:40:17 0 [Note] InnoDB: Waiting for purge to start
2026-06-04 22:40:17 0 [Note] InnoDB: 10.4.32 started; log sequence number 472144; transaction id 438
2026-06-04 22:40:17 0 [Note] InnoDB: Loading buffer pool(s) from D:\Internship_IDS\1st-Project\mysql\data\ib_buffer_pool
2026-06-04 22:40:17 0 [Note] Plugin 'FEEDBACK' is disabled.
2026-06-04 22:40:17 0 [Note] Server socket created on IP: '::'.
2026-06-04 22:40:17 0 [Note] InnoDB: Buffer pool(s) load completed at 260604 22:40:17
2026-06-04 22:40:17 0 [Note] Reading of all Master_info entries succeeded
2026-06-04 22:40:17 0 [Note] Added new Master_info '' to hash table
2026-06-04 22:40:17 0 [Note] c:\xampp\mysql\bin\mysqld.exe: ready for connections.
Version: '10.4.32-MariaDB'  socket: ''  port: 3306  mariadb.org binary distribution
2026-06-04 22:45:46 43 [Warning] InnoDB: Retry attempts for reading partial data failed.
2026-06-04 22:45:46 43 [ERROR] InnoDB: Tried to read 16384 bytes at offset 5554176, but was only able to read 0
2026-06-04 22:45:46 43 [ERROR] InnoDB: Operating system error number 203 in a file operation.
2026-06-04 22:45:46 43 [Note] InnoDB: Some operating system error numbers are described at https://mariadb.com/kb/en/library/operating-system-error-codes/
2026-06-04 22:45:46 43 [ERROR] InnoDB: File (unknown): 'read' returned OS error 403. Cannot continue operation
260604 22:45:46 [ERROR] mysqld got exception 0x80000003 ;
Sorry, we probably made a mistake, and this is a bug.

Your assistance in bug reporting will enable us to fix this for the next release.
To report this bug, see https://mariadb.com/kb/en/reporting-bugs

We will try our best to scrape up some info that will hopefully help
diagnose the problem, but since we have already crashed, 
something is definitely wrong and this may fail.

Server version: 10.4.32-MariaDB source revision: c4143f909528e3fab0677a28631d10389354c491
key_buffer_size=16777216
read_buffer_size=262144
max_used_connections=2
max_threads=65537
thread_count=7
It is possible that mysqld could use up to 
key_buffer_size + (read_buffer_size + sort_buffer_size)*max_threads = 20304 K  bytes of memory
Hope that's ok; if not, decrease some variables in the equation.

Thread pointer: 0x1aba6ee5fa8
Attempting backtrace. You can use the following information to find out
where mysqld died. If you see no messages after this, something went
terribly wrong...
mysqld.exe!my_parameter_handler()
ucrtbase.dll!raise()
ucrtbase.dll!abort()
mysqld.exe!?_Forced_rehash@?$_Hash@V?$_Umap_traits@PEAU_iobuf@@PEAXV?$_Uhash_compare@PEAU_iobuf@@U?$hash@PEAU_iobuf@@@std@@U?$equal_to@PEAU_iobuf@@@3@@std@@V?$allocator@U?$pair@QEAU_iobuf@@PEAX@std@@@3@$0A@@std@@@std@@IEAAX_K@Z()
mysqld.exe!?_Forced_rehash@?$_Hash@V?$_Umap_traits@PEAU_iobuf@@PEAXV?$_Uhash_compare@PEAU_iobuf@@U?$hash@PEAU_iobuf@@@std@@U?$equal_to@PEAU_iobuf@@@3@@std@@V?$allocator@U?$pair@QEAU_iobuf@@PEAX@std@@@3@$0A@@std@@@std@@IEAAX_K@Z()
mysqld.exe!?_Forced_rehash@?$_Hash@V?$_Umap_traits@PEAU_iobuf@@PEAXV?$_Uhash_compare@PEAU_iobuf@@U?$hash@PEAU_iobuf@@@std@@U?$equal_to@PEAU_iobuf@@@3@@std@@V?$allocator@U?$pair@QEAU_iobuf@@PEAX@std@@@3@$0A@@std@@@std@@IEAAX_K@Z()
mysqld.exe!pthread_dummy()
mysqld.exe!?_Forced_rehash@?$_Hash@V?$_Umap_traits@PEAU_iobuf@@PEAXV?$_Uhash_compare@PEAU_iobuf@@U?$hash@PEAU_iobuf@@@std@@U?$equal_to@PEAU_iobuf@@@3@@std@@V?$allocator@U?$pair@QEAU_iobuf@@PEAX@std@@@3@$0A@@std@@@std@@IEAAX_K@Z()
mysqld.exe!?_Forced_rehash@?$_Hash@V?$_Umap_traits@PEAU_iobuf@@PEAXV?$_Uhash_compare@PEAU_iobuf@@U?$hash@PEAU_iobuf@@@std@@U?$equal_to@PEAU_iobuf@@@3@@std@@V?$allocator@U?$pair@QEAU_iobuf@@PEAX@std@@@3@$0A@@std@@@std@@IEAAX_K@Z()
mysqld.exe!pthread_dummy()
mysqld.exe!pthread_dummy()
mysqld.exe!?_Forced_rehash@?$_Hash@V?$_Umap_traits@PEAU_iobuf@@PEAXV?$_Uhash_compare@PEAU_iobuf@@U?$hash@PEAU_iobuf@@@std@@U?$equal_to@PEAU_iobuf@@@3@@std@@V?$allocator@U?$pair@QEAU_iobuf@@PEAX@std@@@3@$0A@@std@@@std@@IEAAX_K@Z()
mysqld.exe!?_Forced_rehash@?$_Hash@V?$_Umap_traits@PEAU_iobuf@@PEAXV?$_Uhash_compare@PEAU_iobuf@@U?$hash@PEAU_iobuf@@@std@@U?$equal_to@PEAU_iobuf@@@3@@std@@V?$allocator@U?$pair@QEAU_iobuf@@PEAX@std@@@3@$0A@@std@@@std@@IEAAX_K@Z()
mysqld.exe!?_Forced_rehash@?$_Hash@V?$_Umap_traits@PEAU_iobuf@@PEAXV?$_Uhash_compare@PEAU_iobuf@@U?$hash@PEAU_iobuf@@@std@@U?$equal_to@PEAU_iobuf@@@3@@std@@V?$allocator@U?$pair@QEAU_iobuf@@PEAX@std@@@3@$0A@@std@@@std@@IEAAX_K@Z()
mysqld.exe!pthread_dummy()
mysqld.exe!pthread_dummy()
mysqld.exe!pthread_dummy()
mysqld.exe!?_Forced_rehash@?$_Hash@V?$_Umap_traits@PEAU_iobuf@@PEAXV?$_Uhash_compare@PEAU_iobuf@@U?$hash@PEAU_iobuf@@@std@@U?$equal_to@PEAU_iobuf@@@3@@std@@V?$allocator@U?$pair@QEAU_iobuf@@PEAX@std@@@3@$0A@@std@@@std@@IEAAX_K@Z()
mysqld.exe!?_Forced_rehash@?$_Hash@V?$_Umap_traits@PEAU_iobuf@@PEAXV?$_Uhash_compare@PEAU_iobuf@@U?$hash@PEAU_iobuf@@@std@@U?$equal_to@PEAU_iobuf@@@3@@std@@V?$allocator@U?$pair@QEAU_iobuf@@PEAX@std@@@3@$0A@@std@@@std@@IEAAX_K@Z()
mysqld.exe!?_Forced_rehash@?$_Hash@V?$_Umap_traits@PEAU_iobuf@@PEAXV?$_Uhash_compare@PEAU_iobuf@@U?$hash@PEAU_iobuf@@@std@@U?$equal_to@PEAU_iobuf@@@3@@std@@V?$allocator@U?$pair@QEAU_iobuf@@PEAX@std@@@3@$0A@@std@@@std@@IEAAX_K@Z()
mysqld.exe!?_Forced_rehash@?$_Hash@V?$_Umap_traits@PEAU_iobuf@@PEAXV?$_Uhash_compare@PEAU_iobuf@@U?$hash@PEAU_iobuf@@@std@@U?$equal_to@PEAU_iobuf@@@3@@std@@V?$allocator@U?$pair@QEAU_iobuf@@PEAX@std@@@3@$0A@@std@@@std@@IEAAX_K@Z()
mysqld.exe!pthread_dummy()
mysqld.exe!?append@?$basic_string@DU?$char_traits@D@std@@V?$allocator@D@2@@std@@QEAAAEAV12@QEBD_K@Z()
mysqld.exe!?ha_update_row@handler@@QEAAHPEBE0@Z()
mysqld.exe!?mysql_update@@YAHPEAVTHD@@PEAUTABLE_LIST@@AEAV?$List@VItem@@@@2PEAVItem@@IPEAUst_order@@_K_NPEA_K7@Z()
mysqld.exe!?mysql_execute_command@@YAHPEAVTHD@@@Z()
mysqld.exe!?mysql_parse@@YAXPEAVTHD@@PEADIPEAVParser_state@@_N3@Z()
mysqld.exe!?dispatch_command@@YA_NW4enum_server_command@@PEAVTHD@@PEADI_N3@Z()
mysqld.exe!?do_command@@YA_NPEAVTHD@@@Z()
mysqld.exe!?pool_of_threads_scheduler@@YAXPEAUscheduler_functions@@PEAKPEAI@Z()
mysqld.exe!?tp_callback@@YAXPEAUTP_connection@@@Z()
ntdll.dll!RtlSetThreadSubProcessTag()
ntdll.dll!RtlSetThreadSubProcessTag()
KERNEL32.DLL!BaseThreadInitThunk()
ntdll.dll!RtlUserThreadStart()

Trying to get some variables.
Some pointers may be invalid and cause the dump to abort.
Query (0x1aba6f54d70): UPDATE `phpmyadmin`.`pma__userconfig` SET `timevalue` = NOW(), `config_data` = '{\"Console\\/Mode\":\"collapse\",\"NavigationWidth\":159}' WHERE `username` = 'root'
Connection ID (thread ID): 43
Status: NOT_KILLED

Optimizer switch: index_merge=on,index_merge_union=on,index_merge_sort_union=on,index_merge_intersection=on,index_merge_sort_intersection=off,engine_condition_pushdown=off,index_condition_pushdown=on,derived_merge=on,derived_with_keys=on,firstmatch=on,loosescan=on,materialization=on,in_to_exists=on,semijoin=on,partial_match_rowid_merge=on,partial_match_table_scan=on,subquery_cache=on,mrr=off,mrr_cost_based=off,mrr_sort_keys=off,outer_join_with_cache=on,semijoin_with_cache=on,join_cache_incremental=on,join_cache_hashed=on,join_cache_bka=on,optimize_join_buffer_size=on,table_elimination=on,extended_keys=on,exists_to_in=on,orderby_uses_equalities=on,condition_pushdown_for_derived=on,split_materialized=on,condition_pushdown_for_subquery=on,rowid_filter=on,condition_pushdown_from_having=on

The manual page at https://mariadb.com/kb/en/how-to-produce-a-full-stack-trace-for-mariadbd/ contains
information that should help you find out what is causing the crash.
Writing a core file at D:\Internship_IDS\1st-Project\mysql\data
Minidump written to D:\Internship_IDS\1st-Project\mysql\data\mysqld.dmp
2026-06-04 22:55:01 0 [Note] Starting MariaDB 10.4.32-MariaDB source revision c4143f909528e3fab0677a28631d10389354c491 as process 18368
2026-06-04 22:55:01 0 [Note] InnoDB: Mutexes and rw_locks use Windows interlocked functions
2026-06-04 22:55:01 0 [Note] InnoDB: Uses event mutexes
2026-06-04 22:55:01 0 [Note] InnoDB: Compressed tables use zlib 1.3
2026-06-04 22:55:01 0 [Note] InnoDB: Number of pools: 1
2026-06-04 22:55:01 0 [Note] InnoDB: Using SSE2 crc32 instructions
2026-06-04 22:55:01 0 [Note] InnoDB: Initializing buffer pool, total size = 16M, instances = 1, chunk size = 16M
2026-06-04 22:55:01 0 [Note] InnoDB: Completed initialization of buffer pool
2026-06-04 22:55:01 0 [Note] InnoDB: Starting crash recovery from checkpoint LSN=472153
2026-06-04 22:55:01 0 [Note] InnoDB: Starting final batch to recover 2 pages from redo log.
2026-06-04 22:55:01 0 [Note] InnoDB: 128 out of 128 rollback segments are active.
2026-06-04 22:55:01 0 [Note] InnoDB: Removed temporary tablespace data file: "ibtmp1"
2026-06-04 22:55:01 0 [Note] InnoDB: Creating shared tablespace for temporary tables
2026-06-04 22:55:01 0 [Note] InnoDB: Setting file 'D:\Internship_IDS\1st-Project\mysql\data\ibtmp1' size to 12 MB. Physically writing the file full; Please wait ...
2026-06-04 22:55:01 0 [Note] InnoDB: File 'D:\Internship_IDS\1st-Project\mysql\data\ibtmp1' size is now 12 MB.
2026-06-04 22:55:01 0 [Note] InnoDB: Waiting for purge to start
2026-06-04 22:55:01 0 [Note] InnoDB: 10.4.32 started; log sequence number 472507; transaction id 469
2026-06-04 22:55:01 0 [Note] InnoDB: Loading buffer pool(s) from D:\Internship_IDS\1st-Project\mysql\data\ib_buffer_pool
2026-06-04 22:55:01 0 [Note] Plugin 'FEEDBACK' is disabled.
2026-06-04 22:55:01 0 [Note] Server socket created on IP: '::'.
2026-06-04 22:55:01 0 [Note] InnoDB: Buffer pool(s) load completed at 260604 22:55:01
2026-06-04 22:55:01 0 [Note] Reading of all Master_info entries succeeded
2026-06-04 22:55:01 0 [Note] Added new Master_info '' to hash table
2026-06-04 22:55:01 0 [Note] c:\xampp\mysql\bin\mysqld.exe: ready for connections.
Version: '10.4.32-MariaDB'  socket: ''  port: 3306  mariadb.org binary distribution
